[02-Oct-2018 14:58:26 - INFO] "InDBTest" (org.bigbio.pgatk.pepgenome.PepGenomeToolTest:92)
[02-Oct-2018 14:58:38 - INFO] "DJQHRAQAGANTRPCPS -- true" (org.bigbio.pgatk.pepgenome.PepGenomeToolTest:123)
[02-Oct-2018 14:58:38 - INFO] "TSTASGJJJWQGVEVGEAGQGKDFJSJGJQDGHJVFR -- true" (org.bigbio.pgatk.pepgenome.PepGenomeToolTest:123)
[02-Oct-2018 14:58:38 - INFO] "YJCPHAPRJPVTJNMKMVMPSWFDJMGJSPDAPEDEAGJK -- true" (org.bigbio.pgatk.pepgenome.PepGenomeToolTest:123)
[02-Oct-2018 14:58:38 - INFO] "VPEPGCTKVPEPGCTK -- true" (org.bigbio.pgatk.pepgenome.PepGenomeToolTest:123)
[02-Oct-2018 14:58:38 - INFO] "VPEPGCTKVPEPGCTK -- false" (org.bigbio.pgatk.pepgenome.PepGenomeToolTest:123)
[02-Oct-2018 14:58:38 - INFO] "VPEPGCTKVPEPGCTK -- true" (org.bigbio.pgatk.pepgenome.PepGenomeToolTest:123)
[02-Oct-2018 14:58:38 - INFO] "VPEPGCTKVPEPGCTK -- false" (org.bigbio.pgatk.pepgenome.PepGenomeToolTest:123)
[02-Oct-2018 14:58:38 - INFO] "VPEPGCTKVPEPGCTK -- false" (org.bigbio.pgatk.pepgenome.PepGenomeToolTest:123)
[02-Oct-2018 14:58:38 - INFO] "VPEPGCTKVPEPGCTK -- true" (org.bigbio.pgatk.pepgenome.PepGenomeToolTest:123)
[02-Oct-2018 14:58:38 - INFO] "VPEPGCTKVPEPGCTK -- false" (org.bigbio.pgatk.pepgenome.PepGenomeToolTest:123)
[02-Oct-2018 14:58:38 - INFO] "VPEPGCTKVPEPGCTK -- false" (org.bigbio.pgatk.pepgenome.PepGenomeToolTest:123)
[02-Oct-2018 14:58:38 - INFO] "VPEPGCTKVPEPGCTK -- false" (org.bigbio.pgatk.pepgenome.PepGenomeToolTest:123)
[02-Oct-2018 14:58:38 - INFO] "VPEPGCTKVPEPGCTK -- true" (org.bigbio.pgatk.pepgenome.PepGenomeToolTest:123)
[02-Oct-2018 14:58:38 - INFO] "GJPYJAAVVHAJJDRP -- true" (org.bigbio.pgatk.pepgenome.PepGenomeToolTest:123)
[02-Oct-2018 14:58:38 - INFO] "TPJQAGGYGEFAAFK -- true" (org.bigbio.pgatk.pepgenome.PepGenomeToolTest:123)
[02-Oct-2018 14:58:38 - INFO] "JJTJTGTQDQJQNAQYJJQNRSV -- true" (org.bigbio.pgatk.pepgenome.PepGenomeToolTest:123)
[02-Oct-2018 14:58:38 - INFO] "SATJGSSPVJYSQSAJATGHQAAGJGNQATGJGHQTJPVSJPAAGMGHQAR -- true" (org.bigbio.pgatk.pepgenome.PepGenomeToolTest:123)
[02-Oct-2018 14:58:38 - INFO] "QNGTGTPQVETNTSEDGESSGANDSJR -- true" (org.bigbio.pgatk.pepgenome.PepGenomeToolTest:123)
[02-Oct-2018 14:58:38 - INFO] "MAAPTRNTCTTGJTDPPPPDGSPNJTSVSHNSVK -- true" (org.bigbio.pgatk.pepgenome.PepGenomeToolTest:123)
[02-Oct-2018 14:58:38 - INFO] "RHDVCPAPSSSASHGPF -- true" (org.bigbio.pgatk.pepgenome.PepGenomeToolTest:123)
[02-Oct-2018 14:58:38 - INFO] "JJYDSWSSAAPJSJNJK -- true" (org.bigbio.pgatk.pepgenome.PepGenomeToolTest:123)
[02-Oct-2018 14:58:38 - INFO] "SSHSJPSEASSQPQEQPSG -- true" (org.bigbio.pgatk.pepgenome.PepGenomeToolTest:123)
[02-Oct-2018 14:58:38 - INFO] "SYSCQVTHEGSTVEKTVAPTECS -- true" (org.bigbio.pgatk.pepgenome.PepGenomeToolTest:123)
[02-Oct-2018 14:58:38 - INFO] "SCQVTHEGSTVEKTVAPTECS -- true" (org.bigbio.pgatk.pepgenome.PepGenomeToolTest:123)
[02-Oct-2018 14:58:38 - INFO] "TVAPTECS -- true" (org.bigbio.pgatk.pepgenome.PepGenomeToolTest:123)
[02-Oct-2018 14:58:38 - INFO] "SYSCQVTHEGSTVEKTVAPTECS -- true" (org.bigbio.pgatk.pepgenome.PepGenomeToolTest:123)
[02-Oct-2018 14:58:38 - INFO] "SCQVTHEGSTVEKTVAPTECS -- true" (org.bigbio.pgatk.pepgenome.PepGenomeToolTest:123)
[02-Oct-2018 14:58:38 - INFO] "TVAPTECS -- true" (org.bigbio.pgatk.pepgenome.PepGenomeToolTest:123)
[02-Oct-2018 14:58:38 - INFO] "SYSCQVTHEGSTVEKTVAPTECS -- false" (org.bigbio.pgatk.pepgenome.PepGenomeToolTest:123)
[02-Oct-2018 14:58:38 - INFO] "SYSCQVTHEGSTVEKTVAPTECS -- false" (org.bigbio.pgatk.pepgenome.PepGenomeToolTest:123)
[02-Oct-2018 14:58:38 - INFO] "SYSCQVTHEGSTVEKTVAPTECS -- true" (org.bigbio.pgatk.pepgenome.PepGenomeToolTest:123)
[02-Oct-2018 14:58:38 - INFO] "SCQVTHEGSTVEKTVAPTECS -- false" (org.bigbio.pgatk.pepgenome.PepGenomeToolTest:123)
[02-Oct-2018 14:58:38 - INFO] "SCQVTHEGSTVEKTVAPTECS -- false" (org.bigbio.pgatk.pepgenome.PepGenomeToolTest:123)
[02-Oct-2018 14:58:38 - INFO] "SCQVTHEGSTVEKTVAPTECS -- true" (org.bigbio.pgatk.pepgenome.PepGenomeToolTest:123)
[02-Oct-2018 14:58:38 - INFO] "TVAPTECS -- false" (org.bigbio.pgatk.pepgenome.PepGenomeToolTest:123)
[02-Oct-2018 14:58:38 - INFO] "TVAPTECS -- false" (org.bigbio.pgatk.pepgenome.PepGenomeToolTest:123)
[02-Oct-2018 14:58:38 - INFO] "TVAPTECS -- true" (org.bigbio.pgatk.pepgenome.PepGenomeToolTest:123)
[02-Oct-2018 14:58:38 - INFO] "SYSCQVTHEGSTVEKTVAPTECS -- false" (org.bigbio.pgatk.pepgenome.PepGenomeToolTest:123)
[02-Oct-2018 14:58:38 - INFO] "SYSCQVTHEGSTVEKTVAPTECS -- false" (org.bigbio.pgatk.pepgenome.PepGenomeToolTest:123)
[02-Oct-2018 14:58:38 - INFO] "SYSCQVTHEGSTVEKTVAPTECS -- false" (org.bigbio.pgatk.pepgenome.PepGenomeToolTest:123)
[02-Oct-2018 14:58:38 - INFO] "SYSCQVTHEGSTVEKTVAPTECS -- true" (org.bigbio.pgatk.pepgenome.PepGenomeToolTest:123)
[02-Oct-2018 14:58:38 - INFO] "SCQVTHEGSTVEKTVAPTECS -- false" (org.bigbio.pgatk.pepgenome.PepGenomeToolTest:123)
[02-Oct-2018 14:58:38 - INFO] "SCQVTHEGSTVEKTVAPTECS -- false" (org.bigbio.pgatk.pepgenome.PepGenomeToolTest:123)
[02-Oct-2018 14:58:38 - INFO] "SCQVTHEGSTVEKTVAPTECS -- false" (org.bigbio.pgatk.pepgenome.PepGenomeToolTest:123)
[02-Oct-2018 14:58:38 - INFO] "SCQVTHEGSTVEKTVAPTECS -- true" (org.bigbio.pgatk.pepgenome.PepGenomeToolTest:123)
[02-Oct-2018 14:58:38 - INFO] "TVAPTECS -- false" (org.bigbio.pgatk.pepgenome.PepGenomeToolTest:123)
[02-Oct-2018 14:58:38 - INFO] "TVAPTECS -- false" (org.bigbio.pgatk.pepgenome.PepGenomeToolTest:123)
[02-Oct-2018 14:58:38 - INFO] "TVAPTECS -- false" (org.bigbio.pgatk.pepgenome.PepGenomeToolTest:123)
[02-Oct-2018 14:58:38 - INFO] "TVAPTECS -- true" (org.bigbio.pgatk.pepgenome.PepGenomeToolTest:123)
[02-Oct-2018 14:58:38 - INFO] "EAQTJDSQJQETN -- true" (org.bigbio.pgatk.pepgenome.PepGenomeToolTest:123)
[02-Oct-2018 14:58:44 - INFO] "InMemoryTest" (org.bigbio.pgatk.pepgenome.PepGenomeToolTest:51)
[02-Oct-2018 14:58:44 - INFO] "DJQHRAQAGANTRPCPS -- true" (org.bigbio.pgatk.pepgenome.PepGenomeToolTest:80)
[02-Oct-2018 14:58:44 - INFO] "TSTASGJJJWQGVEVGEAGQGKDFJSJGJQDGHJVFR -- true" (org.bigbio.pgatk.pepgenome.PepGenomeToolTest:80)
[02-Oct-2018 14:58:44 - INFO] "YJCPHAPRJPVTJNMKMVMPSWFDJMGJSPDAPEDEAGJK -- true" (org.bigbio.pgatk.pepgenome.PepGenomeToolTest:80)
[02-Oct-2018 14:58:44 - INFO] "VPEPGCTKVPEPGCTK -- true" (org.bigbio.pgatk.pepgenome.PepGenomeToolTest:80)
[02-Oct-2018 14:58:44 - INFO] "VPEPGCTKVPEPGCTK -- false" (org.bigbio.pgatk.pepgenome.PepGenomeToolTest:80)
[02-Oct-2018 14:58:44 - INFO] "VPEPGCTKVPEPGCTK -- true" (org.bigbio.pgatk.pepgenome.PepGenomeToolTest:80)
[02-Oct-2018 14:58:44 - INFO] "VPEPGCTKVPEPGCTK -- false" (org.bigbio.pgatk.pepgenome.PepGenomeToolTest:80)
[02-Oct-2018 14:58:44 - INFO] "VPEPGCTKVPEPGCTK -- false" (org.bigbio.pgatk.pepgenome.PepGenomeToolTest:80)
[02-Oct-2018 14:58:44 - INFO] "VPEPGCTKVPEPGCTK -- true" (org.bigbio.pgatk.pepgenome.PepGenomeToolTest:80)
[02-Oct-2018 14:58:44 - INFO] "VPEPGCTKVPEPGCTK -- false" (org.bigbio.pgatk.pepgenome.PepGenomeToolTest:80)
[02-Oct-2018 14:58:44 - INFO] "VPEPGCTKVPEPGCTK -- false" (org.bigbio.pgatk.pepgenome.PepGenomeToolTest:80)
[02-Oct-2018 14:58:44 - INFO] "VPEPGCTKVPEPGCTK -- false" (org.bigbio.pgatk.pepgenome.PepGenomeToolTest:80)
[02-Oct-2018 14:58:44 - INFO] "VPEPGCTKVPEPGCTK -- true" (org.bigbio.pgatk.pepgenome.PepGenomeToolTest:80)
[02-Oct-2018 14:58:44 - INFO] "GJPYJAAVVHAJJDRP -- true" (org.bigbio.pgatk.pepgenome.PepGenomeToolTest:80)
[02-Oct-2018 14:58:44 - INFO] "TPJQAGGYGEFAAFK -- true" (org.bigbio.pgatk.pepgenome.PepGenomeToolTest:80)
[02-Oct-2018 14:58:44 - INFO] "JJTJTGTQDQJQNAQYJJQNRSV -- true" (org.bigbio.pgatk.pepgenome.PepGenomeToolTest:80)
[02-Oct-2018 14:58:44 - INFO] "SATJGSSPVJYSQSAJATGHQAAGJGNQATGJGHQTJPVSJPAAGMGHQAR -- true" (org.bigbio.pgatk.pepgenome.PepGenomeToolTest:80)
[02-Oct-2018 14:58:44 - INFO] "QNGTGTPQVETNTSEDGESSGANDSJR -- true" (org.bigbio.pgatk.pepgenome.PepGenomeToolTest:80)
[02-Oct-2018 14:58:44 - INFO] "MAAPTRNTCTTGJTDPPPPDGSPNJTSVSHNSVK -- true" (org.bigbio.pgatk.pepgenome.PepGenomeToolTest:80)
[02-Oct-2018 14:58:44 - INFO] "RHDVCPAPSSSASHGPF -- true" (org.bigbio.pgatk.pepgenome.PepGenomeToolTest:80)
[02-Oct-2018 14:58:44 - INFO] "JJYDSWSSAAPJSJNJK -- true" (org.bigbio.pgatk.pepgenome.PepGenomeToolTest:80)
[02-Oct-2018 14:58:44 - INFO] "SSHSJPSEASSQPQEQPSG -- true" (org.bigbio.pgatk.pepgenome.PepGenomeToolTest:80)
[02-Oct-2018 14:58:44 - INFO] "SYSCQVTHEGSTVEKTVAPTECS -- true" (org.bigbio.pgatk.pepgenome.PepGenomeToolTest:80)
[02-Oct-2018 14:58:44 - INFO] "SCQVTHEGSTVEKTVAPTECS -- true" (org.bigbio.pgatk.pepgenome.PepGenomeToolTest:80)
[02-Oct-2018 14:58:44 - INFO] "TVAPTECS -- true" (org.bigbio.pgatk.pepgenome.PepGenomeToolTest:80)
[02-Oct-2018 14:58:44 - INFO] "SYSCQVTHEGSTVEKTVAPTECS -- true" (org.bigbio.pgatk.pepgenome.PepGenomeToolTest:80)
[02-Oct-2018 14:58:44 - INFO] "SCQVTHEGSTVEKTVAPTECS -- true" (org.bigbio.pgatk.pepgenome.PepGenomeToolTest:80)
[02-Oct-2018 14:58:44 - INFO] "TVAPTECS -- true" (org.bigbio.pgatk.pepgenome.PepGenomeToolTest:80)
[02-Oct-2018 14:58:44 - INFO] "SYSCQVTHEGSTVEKTVAPTECS -- false" (org.bigbio.pgatk.pepgenome.PepGenomeToolTest:80)
[02-Oct-2018 14:58:44 - INFO] "SYSCQVTHEGSTVEKTVAPTECS -- false" (org.bigbio.pgatk.pepgenome.PepGenomeToolTest:80)
[02-Oct-2018 14:58:44 - INFO] "SYSCQVTHEGSTVEKTVAPTECS -- true" (org.bigbio.pgatk.pepgenome.PepGenomeToolTest:80)
[02-Oct-2018 14:58:44 - INFO] "SCQVTHEGSTVEKTVAPTECS -- false" (org.bigbio.pgatk.pepgenome.PepGenomeToolTest:80)
[02-Oct-2018 14:58:44 - INFO] "SCQVTHEGSTVEKTVAPTECS -- false" (org.bigbio.pgatk.pepgenome.PepGenomeToolTest:80)
[02-Oct-2018 14:58:44 - INFO] "SCQVTHEGSTVEKTVAPTECS -- true" (org.bigbio.pgatk.pepgenome.PepGenomeToolTest:80)
[02-Oct-2018 14:58:44 - INFO] "TVAPTECS -- false" (org.bigbio.pgatk.pepgenome.PepGenomeToolTest:80)
[02-Oct-2018 14:58:44 - INFO] "TVAPTECS -- false" (org.bigbio.pgatk.pepgenome.PepGenomeToolTest:80)
[02-Oct-2018 14:58:44 - INFO] "TVAPTECS -- true" (org.bigbio.pgatk.pepgenome.PepGenomeToolTest:80)
[02-Oct-2018 14:58:44 - INFO] "SYSCQVTHEGSTVEKTVAPTECS -- false" (org.bigbio.pgatk.pepgenome.PepGenomeToolTest:80)
[02-Oct-2018 14:58:44 - INFO] "SYSCQVTHEGSTVEKTVAPTECS -- false" (org.bigbio.pgatk.pepgenome.PepGenomeToolTest:80)
[02-Oct-2018 14:58:44 - INFO] "SYSCQVTHEGSTVEKTVAPTECS -- false" (org.bigbio.pgatk.pepgenome.PepGenomeToolTest:80)
[02-Oct-2018 14:58:44 - INFO] "SYSCQVTHEGSTVEKTVAPTECS -- true" (org.bigbio.pgatk.pepgenome.PepGenomeToolTest:80)
[02-Oct-2018 14:58:44 - INFO] "SCQVTHEGSTVEKTVAPTECS -- false" (org.bigbio.pgatk.pepgenome.PepGenomeToolTest:80)
[02-Oct-2018 14:58:44 - INFO] "SCQVTHEGSTVEKTVAPTECS -- false" (org.bigbio.pgatk.pepgenome.PepGenomeToolTest:80)
[02-Oct-2018 14:58:44 - INFO] "SCQVTHEGSTVEKTVAPTECS -- false" (org.bigbio.pgatk.pepgenome.PepGenomeToolTest:80)
[02-Oct-2018 14:58:44 - INFO] "SCQVTHEGSTVEKTVAPTECS -- true" (org.bigbio.pgatk.pepgenome.PepGenomeToolTest:80)
[02-Oct-2018 14:58:44 - INFO] "TVAPTECS -- false" (org.bigbio.pgatk.pepgenome.PepGenomeToolTest:80)
[02-Oct-2018 14:58:44 - INFO] "TVAPTECS -- false" (org.bigbio.pgatk.pepgenome.PepGenomeToolTest:80)
[02-Oct-2018 14:58:44 - INFO] "TVAPTECS -- false" (org.bigbio.pgatk.pepgenome.PepGenomeToolTest:80)
[02-Oct-2018 14:58:44 - INFO] "TVAPTECS -- true" (org.bigbio.pgatk.pepgenome.PepGenomeToolTest:80)
[02-Oct-2018 14:58:44 - INFO] "EAQTJDSQJQETN -- true" (org.bigbio.pgatk.pepgenome.PepGenomeToolTest:80)
[02-Oct-2018 15:05:04 - INFO] "InDBTest" (org.bigbio.pgatk.pepgenome.PepGenomeToolTest:92)
[02-Oct-2018 15:05:20 - INFO] "DJQHRAQAGANTRPCPS -- true" (org.bigbio.pgatk.pepgenome.PepGenomeToolTest:123)
[02-Oct-2018 15:05:20 - INFO] "TSTASGJJJWQGVEVGEAGQGKDFJSJGJQDGHJVFR -- true" (org.bigbio.pgatk.pepgenome.PepGenomeToolTest:123)
[02-Oct-2018 15:05:20 - INFO] "YJCPHAPRJPVTJNMKMVMPSWFDJMGJSPDAPEDEAGJK -- true" (org.bigbio.pgatk.pepgenome.PepGenomeToolTest:123)
[02-Oct-2018 15:05:20 - INFO] "VPEPGCTKVPEPGCTK -- true" (org.bigbio.pgatk.pepgenome.PepGenomeToolTest:123)
[02-Oct-2018 15:05:20 - INFO] "VPEPGCTKVPEPGCTK -- false" (org.bigbio.pgatk.pepgenome.PepGenomeToolTest:123)
[02-Oct-2018 15:05:20 - INFO] "VPEPGCTKVPEPGCTK -- true" (org.bigbio.pgatk.pepgenome.PepGenomeToolTest:123)
[02-Oct-2018 15:05:20 - INFO] "VPEPGCTKVPEPGCTK -- false" (org.bigbio.pgatk.pepgenome.PepGenomeToolTest:123)
[02-Oct-2018 15:05:20 - INFO] "VPEPGCTKVPEPGCTK -- false" (org.bigbio.pgatk.pepgenome.PepGenomeToolTest:123)
[02-Oct-2018 15:05:20 - INFO] "VPEPGCTKVPEPGCTK -- true" (org.bigbio.pgatk.pepgenome.PepGenomeToolTest:123)
[02-Oct-2018 15:05:20 - INFO] "VPEPGCTKVPEPGCTK -- false" (org.bigbio.pgatk.pepgenome.PepGenomeToolTest:123)
[02-Oct-2018 15:05:20 - INFO] "VPEPGCTKVPEPGCTK -- false" (org.bigbio.pgatk.pepgenome.PepGenomeToolTest:123)
[02-Oct-2018 15:05:20 - INFO] "VPEPGCTKVPEPGCTK -- false" (org.bigbio.pgatk.pepgenome.PepGenomeToolTest:123)
[02-Oct-2018 15:05:20 - INFO] "VPEPGCTKVPEPGCTK -- true" (org.bigbio.pgatk.pepgenome.PepGenomeToolTest:123)
[02-Oct-2018 15:05:20 - INFO] "GJPYJAAVVHAJJDRP -- true" (org.bigbio.pgatk.pepgenome.PepGenomeToolTest:123)
[02-Oct-2018 15:05:20 - INFO] "TPJQAGGYGEFAAFK -- true" (org.bigbio.pgatk.pepgenome.PepGenomeToolTest:123)
[02-Oct-2018 15:05:20 - INFO] "JJTJTGTQDQJQNAQYJJQNRSV -- true" (org.bigbio.pgatk.pepgenome.PepGenomeToolTest:123)
[02-Oct-2018 15:05:20 - INFO] "SATJGSSPVJYSQSAJATGHQAAGJGNQATGJGHQTJPVSJPAAGMGHQAR -- true" (org.bigbio.pgatk.pepgenome.PepGenomeToolTest:123)
[02-Oct-2018 15:05:20 - INFO] "QNGTGTPQVETNTSEDGESSGANDSJR -- true" (org.bigbio.pgatk.pepgenome.PepGenomeToolTest:123)
[02-Oct-2018 15:05:20 - INFO] "MAAPTRNTCTTGJTDPPPPDGSPNJTSVSHNSVK -- true" (org.bigbio.pgatk.pepgenome.PepGenomeToolTest:123)
[02-Oct-2018 15:05:20 - INFO] "RHDVCPAPSSSASHGPF -- true" (org.bigbio.pgatk.pepgenome.PepGenomeToolTest:123)
[02-Oct-2018 15:05:20 - INFO] "JJYDSWSSAAPJSJNJK -- true" (org.bigbio.pgatk.pepgenome.PepGenomeToolTest:123)
[02-Oct-2018 15:05:20 - INFO] "SSHSJPSEASSQPQEQPSG -- true" (org.bigbio.pgatk.pepgenome.PepGenomeToolTest:123)
[02-Oct-2018 15:05:20 - INFO] "SYSCQVTHEGSTVEKTVAPTECS -- true" (org.bigbio.pgatk.pepgenome.PepGenomeToolTest:123)
[02-Oct-2018 15:05:20 - INFO] "SCQVTHEGSTVEKTVAPTECS -- true" (org.bigbio.pgatk.pepgenome.PepGenomeToolTest:123)
[02-Oct-2018 15:05:20 - INFO] "TVAPTECS -- true" (org.bigbio.pgatk.pepgenome.PepGenomeToolTest:123)
[02-Oct-2018 15:05:20 - INFO] "SYSCQVTHEGSTVEKTVAPTECS -- true" (org.bigbio.pgatk.pepgenome.PepGenomeToolTest:123)
[02-Oct-2018 15:05:20 - INFO] "SCQVTHEGSTVEKTVAPTECS -- true" (org.bigbio.pgatk.pepgenome.PepGenomeToolTest:123)
[02-Oct-2018 15:05:20 - INFO] "TVAPTECS -- true" (org.bigbio.pgatk.pepgenome.PepGenomeToolTest:123)
[02-Oct-2018 15:05:20 - INFO] "SYSCQVTHEGSTVEKTVAPTECS -- false" (org.bigbio.pgatk.pepgenome.PepGenomeToolTest:123)
[02-Oct-2018 15:05:20 - INFO] "SYSCQVTHEGSTVEKTVAPTECS -- false" (org.bigbio.pgatk.pepgenome.PepGenomeToolTest:123)
[02-Oct-2018 15:05:20 - INFO] "SYSCQVTHEGSTVEKTVAPTECS -- true" (org.bigbio.pgatk.pepgenome.PepGenomeToolTest:123)
[02-Oct-2018 15:05:20 - INFO] "SCQVTHEGSTVEKTVAPTECS -- false" (org.bigbio.pgatk.pepgenome.PepGenomeToolTest:123)
[02-Oct-2018 15:05:20 - INFO] "SCQVTHEGSTVEKTVAPTECS -- false" (org.bigbio.pgatk.pepgenome.PepGenomeToolTest:123)
[02-Oct-2018 15:05:20 - INFO] "SCQVTHEGSTVEKTVAPTECS -- true" (org.bigbio.pgatk.pepgenome.PepGenomeToolTest:123)
[02-Oct-2018 15:05:20 - INFO] "TVAPTECS -- false" (org.bigbio.pgatk.pepgenome.PepGenomeToolTest:123)
[02-Oct-2018 15:05:20 - INFO] "TVAPTECS -- false" (org.bigbio.pgatk.pepgenome.PepGenomeToolTest:123)
[02-Oct-2018 15:05:20 - INFO] "TVAPTECS -- true" (org.bigbio.pgatk.pepgenome.PepGenomeToolTest:123)
[02-Oct-2018 15:05:20 - INFO] "SYSCQVTHEGSTVEKTVAPTECS -- false" (org.bigbio.pgatk.pepgenome.PepGenomeToolTest:123)
[02-Oct-2018 15:05:20 - INFO] "SYSCQVTHEGSTVEKTVAPTECS -- false" (org.bigbio.pgatk.pepgenome.PepGenomeToolTest:123)
[02-Oct-2018 15:05:20 - INFO] "SYSCQVTHEGSTVEKTVAPTECS -- false" (org.bigbio.pgatk.pepgenome.PepGenomeToolTest:123)
[02-Oct-2018 15:05:20 - INFO] "SYSCQVTHEGSTVEKTVAPTECS -- true" (org.bigbio.pgatk.pepgenome.PepGenomeToolTest:123)
[02-Oct-2018 15:05:20 - INFO] "SCQVTHEGSTVEKTVAPTECS -- false" (org.bigbio.pgatk.pepgenome.PepGenomeToolTest:123)
[02-Oct-2018 15:05:20 - INFO] "SCQVTHEGSTVEKTVAPTECS -- false" (org.bigbio.pgatk.pepgenome.PepGenomeToolTest:123)
[02-Oct-2018 15:05:20 - INFO] "SCQVTHEGSTVEKTVAPTECS -- false" (org.bigbio.pgatk.pepgenome.PepGenomeToolTest:123)
[02-Oct-2018 15:05:20 - INFO] "SCQVTHEGSTVEKTVAPTECS -- true" (org.bigbio.pgatk.pepgenome.PepGenomeToolTest:123)
[02-Oct-2018 15:05:20 - INFO] "TVAPTECS -- false" (org.bigbio.pgatk.pepgenome.PepGenomeToolTest:123)
[02-Oct-2018 15:05:20 - INFO] "TVAPTECS -- false" (org.bigbio.pgatk.pepgenome.PepGenomeToolTest:123)
[02-Oct-2018 15:05:20 - INFO] "TVAPTECS -- false" (org.bigbio.pgatk.pepgenome.PepGenomeToolTest:123)
[02-Oct-2018 15:05:20 - INFO] "TVAPTECS -- true" (org.bigbio.pgatk.pepgenome.PepGenomeToolTest:123)
[02-Oct-2018 15:05:20 - INFO] "EAQTJDSQJQETN -- true" (org.bigbio.pgatk.pepgenome.PepGenomeToolTest:123)
[02-Oct-2018 15:05:25 - INFO] "InMemoryTest" (org.bigbio.pgatk.pepgenome.PepGenomeToolTest:51)
[02-Oct-2018 15:05:26 - INFO] "DJQHRAQAGANTRPCPS -- true" (org.bigbio.pgatk.pepgenome.PepGenomeToolTest:80)
[02-Oct-2018 15:05:26 - INFO] "TSTASGJJJWQGVEVGEAGQGKDFJSJGJQDGHJVFR -- true" (org.bigbio.pgatk.pepgenome.PepGenomeToolTest:80)
[02-Oct-2018 15:05:26 - INFO] "YJCPHAPRJPVTJNMKMVMPSWFDJMGJSPDAPEDEAGJK -- true" (org.bigbio.pgatk.pepgenome.PepGenomeToolTest:80)
[02-Oct-2018 15:05:26 - INFO] "VPEPGCTKVPEPGCTK -- true" (org.bigbio.pgatk.pepgenome.PepGenomeToolTest:80)
[02-Oct-2018 15:05:26 - INFO] "VPEPGCTKVPEPGCTK -- false" (org.bigbio.pgatk.pepgenome.PepGenomeToolTest:80)
[02-Oct-2018 15:05:26 - INFO] "VPEPGCTKVPEPGCTK -- true" (org.bigbio.pgatk.pepgenome.PepGenomeToolTest:80)
[02-Oct-2018 15:05:26 - INFO] "VPEPGCTKVPEPGCTK -- false" (org.bigbio.pgatk.pepgenome.PepGenomeToolTest:80)
[02-Oct-2018 15:05:26 - INFO] "VPEPGCTKVPEPGCTK -- false" (org.bigbio.pgatk.pepgenome.PepGenomeToolTest:80)
[02-Oct-2018 15:05:26 - INFO] "VPEPGCTKVPEPGCTK -- true" (org.bigbio.pgatk.pepgenome.PepGenomeToolTest:80)
[02-Oct-2018 15:05:26 - INFO] "VPEPGCTKVPEPGCTK -- false" (org.bigbio.pgatk.pepgenome.PepGenomeToolTest:80)
[02-Oct-2018 15:05:26 - INFO] "VPEPGCTKVPEPGCTK -- false" (org.bigbio.pgatk.pepgenome.PepGenomeToolTest:80)
[02-Oct-2018 15:05:26 - INFO] "VPEPGCTKVPEPGCTK -- false" (org.bigbio.pgatk.pepgenome.PepGenomeToolTest:80)
[02-Oct-2018 15:05:26 - INFO] "VPEPGCTKVPEPGCTK -- true" (org.bigbio.pgatk.pepgenome.PepGenomeToolTest:80)
[02-Oct-2018 15:05:26 - INFO] "GJPYJAAVVHAJJDRP -- true" (org.bigbio.pgatk.pepgenome.PepGenomeToolTest:80)
[02-Oct-2018 15:05:26 - INFO] "TPJQAGGYGEFAAFK -- true" (org.bigbio.pgatk.pepgenome.PepGenomeToolTest:80)
[02-Oct-2018 15:05:26 - INFO] "JJTJTGTQDQJQNAQYJJQNRSV -- true" (org.bigbio.pgatk.pepgenome.PepGenomeToolTest:80)
[02-Oct-2018 15:05:26 - INFO] "SATJGSSPVJYSQSAJATGHQAAGJGNQATGJGHQTJPVSJPAAGMGHQAR -- true" (org.bigbio.pgatk.pepgenome.PepGenomeToolTest:80)
[02-Oct-2018 15:05:26 - INFO] "QNGTGTPQVETNTSEDGESSGANDSJR -- true" (org.bigbio.pgatk.pepgenome.PepGenomeToolTest:80)
[02-Oct-2018 15:05:26 - INFO] "MAAPTRNTCTTGJTDPPPPDGSPNJTSVSHNSVK -- true" (org.bigbio.pgatk.pepgenome.PepGenomeToolTest:80)
[02-Oct-2018 15:05:26 - INFO] "RHDVCPAPSSSASHGPF -- true" (org.bigbio.pgatk.pepgenome.PepGenomeToolTest:80)
[02-Oct-2018 15:05:26 - INFO] "JJYDSWSSAAPJSJNJK -- true" (org.bigbio.pgatk.pepgenome.PepGenomeToolTest:80)
[02-Oct-2018 15:05:26 - INFO] "SSHSJPSEASSQPQEQPSG -- true" (org.bigbio.pgatk.pepgenome.PepGenomeToolTest:80)
[02-Oct-2018 15:05:26 - INFO] "SYSCQVTHEGSTVEKTVAPTECS -- true" (org.bigbio.pgatk.pepgenome.PepGenomeToolTest:80)
[02-Oct-2018 15:05:26 - INFO] "SCQVTHEGSTVEKTVAPTECS -- true" (org.bigbio.pgatk.pepgenome.PepGenomeToolTest:80)
[02-Oct-2018 15:05:26 - INFO] "TVAPTECS -- true" (org.bigbio.pgatk.pepgenome.PepGenomeToolTest:80)
[02-Oct-2018 15:05:26 - INFO] "SYSCQVTHEGSTVEKTVAPTECS -- true" (org.bigbio.pgatk.pepgenome.PepGenomeToolTest:80)
[02-Oct-2018 15:05:26 - INFO] "SCQVTHEGSTVEKTVAPTECS -- true" (org.bigbio.pgatk.pepgenome.PepGenomeToolTest:80)
[02-Oct-2018 15:05:26 - INFO] "TVAPTECS -- true" (org.bigbio.pgatk.pepgenome.PepGenomeToolTest:80)
[02-Oct-2018 15:05:26 - INFO] "SYSCQVTHEGSTVEKTVAPTECS -- false" (org.bigbio.pgatk.pepgenome.PepGenomeToolTest:80)
[02-Oct-2018 15:05:26 - INFO] "SYSCQVTHEGSTVEKTVAPTECS -- false" (org.bigbio.pgatk.pepgenome.PepGenomeToolTest:80)
[02-Oct-2018 15:05:26 - INFO] "SYSCQVTHEGSTVEKTVAPTECS -- true" (org.bigbio.pgatk.pepgenome.PepGenomeToolTest:80)
[02-Oct-2018 15:05:26 - INFO] "SCQVTHEGSTVEKTVAPTECS -- false" (org.bigbio.pgatk.pepgenome.PepGenomeToolTest:80)
[02-Oct-2018 15:05:26 - INFO] "SCQVTHEGSTVEKTVAPTECS -- false" (org.bigbio.pgatk.pepgenome.PepGenomeToolTest:80)
[02-Oct-2018 15:05:26 - INFO] "SCQVTHEGSTVEKTVAPTECS -- true" (org.bigbio.pgatk.pepgenome.PepGenomeToolTest:80)
[02-Oct-2018 15:05:26 - INFO] "TVAPTECS -- false" (org.bigbio.pgatk.pepgenome.PepGenomeToolTest:80)
[02-Oct-2018 15:05:26 - INFO] "TVAPTECS -- false" (org.bigbio.pgatk.pepgenome.PepGenomeToolTest:80)
[02-Oct-2018 15:05:26 - INFO] "TVAPTECS -- true" (org.bigbio.pgatk.pepgenome.PepGenomeToolTest:80)
[02-Oct-2018 15:05:26 - INFO] "SYSCQVTHEGSTVEKTVAPTECS -- false" (org.bigbio.pgatk.pepgenome.PepGenomeToolTest:80)
[02-Oct-2018 15:05:26 - INFO] "SYSCQVTHEGSTVEKTVAPTECS -- false" (org.bigbio.pgatk.pepgenome.PepGenomeToolTest:80)
[02-Oct-2018 15:05:26 - INFO] "SYSCQVTHEGSTVEKTVAPTECS -- false" (org.bigbio.pgatk.pepgenome.PepGenomeToolTest:80)
[02-Oct-2018 15:05:26 - INFO] "SYSCQVTHEGSTVEKTVAPTECS -- true" (org.bigbio.pgatk.pepgenome.PepGenomeToolTest:80)
[02-Oct-2018 15:05:26 - INFO] "SCQVTHEGSTVEKTVAPTECS -- false" (org.bigbio.pgatk.pepgenome.PepGenomeToolTest:80)
[02-Oct-2018 15:05:26 - INFO] "SCQVTHEGSTVEKTVAPTECS -- false" (org.bigbio.pgatk.pepgenome.PepGenomeToolTest:80)
[02-Oct-2018 15:05:26 - INFO] "SCQVTHEGSTVEKTVAPTECS -- false" (org.bigbio.pgatk.pepgenome.PepGenomeToolTest:80)
[02-Oct-2018 15:05:26 - INFO] "SCQVTHEGSTVEKTVAPTECS -- true" (org.bigbio.pgatk.pepgenome.PepGenomeToolTest:80)
[02-Oct-2018 15:05:26 - INFO] "TVAPTECS -- false" (org.bigbio.pgatk.pepgenome.PepGenomeToolTest:80)
[02-Oct-2018 15:05:26 - INFO] "TVAPTECS -- false" (org.bigbio.pgatk.pepgenome.PepGenomeToolTest:80)
[02-Oct-2018 15:05:26 - INFO] "TVAPTECS -- false" (org.bigbio.pgatk.pepgenome.PepGenomeToolTest:80)
[02-Oct-2018 15:05:26 - INFO] "TVAPTECS -- true" (org.bigbio.pgatk.pepgenome.PepGenomeToolTest:80)
[02-Oct-2018 15:05:26 - INFO] "EAQTJDSQJQETN -- true" (org.bigbio.pgatk.pepgenome.PepGenomeToolTest:80)
[02-Oct-2018 15:13:21 - INFO] "InDBTest" (org.bigbio.pgatk.pepgenome.PepGenomeToolTest:92)
[02-Oct-2018 15:13:37 - INFO] "DJQHRAQAGANTRPCPS -- true" (org.bigbio.pgatk.pepgenome.PepGenomeToolTest:123)
[02-Oct-2018 15:13:37 - INFO] "TSTASGJJJWQGVEVGEAGQGKDFJSJGJQDGHJVFR -- true" (org.bigbio.pgatk.pepgenome.PepGenomeToolTest:123)
[02-Oct-2018 15:13:37 - INFO] "YJCPHAPRJPVTJNMKMVMPSWFDJMGJSPDAPEDEAGJK -- true" (org.bigbio.pgatk.pepgenome.PepGenomeToolTest:123)
[02-Oct-2018 15:13:37 - INFO] "VPEPGCTKVPEPGCTK -- true" (org.bigbio.pgatk.pepgenome.PepGenomeToolTest:123)
[02-Oct-2018 15:13:37 - INFO] "VPEPGCTKVPEPGCTK -- false" (org.bigbio.pgatk.pepgenome.PepGenomeToolTest:123)
[02-Oct-2018 15:13:37 - INFO] "VPEPGCTKVPEPGCTK -- true" (org.bigbio.pgatk.pepgenome.PepGenomeToolTest:123)
[02-Oct-2018 15:13:37 - INFO] "VPEPGCTKVPEPGCTK -- false" (org.bigbio.pgatk.pepgenome.PepGenomeToolTest:123)
[02-Oct-2018 15:13:37 - INFO] "VPEPGCTKVPEPGCTK -- false" (org.bigbio.pgatk.pepgenome.PepGenomeToolTest:123)
[02-Oct-2018 15:13:37 - INFO] "VPEPGCTKVPEPGCTK -- true" (org.bigbio.pgatk.pepgenome.PepGenomeToolTest:123)
[02-Oct-2018 15:13:37 - INFO] "VPEPGCTKVPEPGCTK -- false" (org.bigbio.pgatk.pepgenome.PepGenomeToolTest:123)
[02-Oct-2018 15:13:37 - INFO] "VPEPGCTKVPEPGCTK -- false" (org.bigbio.pgatk.pepgenome.PepGenomeToolTest:123)
[02-Oct-2018 15:13:37 - INFO] "VPEPGCTKVPEPGCTK -- false" (org.bigbio.pgatk.pepgenome.PepGenomeToolTest:123)
[02-Oct-2018 15:13:37 - INFO] "VPEPGCTKVPEPGCTK -- true" (org.bigbio.pgatk.pepgenome.PepGenomeToolTest:123)
[02-Oct-2018 15:13:37 - INFO] "GJPYJAAVVHAJJDRP -- true" (org.bigbio.pgatk.pepgenome.PepGenomeToolTest:123)
[02-Oct-2018 15:13:37 - INFO] "TPJQAGGYGEFAAFK -- true" (org.bigbio.pgatk.pepgenome.PepGenomeToolTest:123)
[02-Oct-2018 15:13:37 - INFO] "JJTJTGTQDQJQNAQYJJQNRSV -- true" (org.bigbio.pgatk.pepgenome.PepGenomeToolTest:123)
[02-Oct-2018 15:13:37 - INFO] "SATJGSSPVJYSQSAJATGHQAAGJGNQATGJGHQTJPVSJPAAGMGHQAR -- true" (org.bigbio.pgatk.pepgenome.PepGenomeToolTest:123)
[02-Oct-2018 15:13:37 - INFO] "QNGTGTPQVETNTSEDGESSGANDSJR -- true" (org.bigbio.pgatk.pepgenome.PepGenomeToolTest:123)
[02-Oct-2018 15:13:37 - INFO] "MAAPTRNTCTTGJTDPPPPDGSPNJTSVSHNSVK -- true" (org.bigbio.pgatk.pepgenome.PepGenomeToolTest:123)
[02-Oct-2018 15:13:37 - INFO] "RHDVCPAPSSSASHGPF -- true" (org.bigbio.pgatk.pepgenome.PepGenomeToolTest:123)
[02-Oct-2018 15:13:37 - INFO] "JJYDSWSSAAPJSJNJK -- true" (org.bigbio.pgatk.pepgenome.PepGenomeToolTest:123)
[02-Oct-2018 15:13:37 - INFO] "SSHSJPSEASSQPQEQPSG -- true" (org.bigbio.pgatk.pepgenome.PepGenomeToolTest:123)
[02-Oct-2018 15:13:37 - INFO] "SYSCQVTHEGSTVEKTVAPTECS -- true" (org.bigbio.pgatk.pepgenome.PepGenomeToolTest:123)
[02-Oct-2018 15:13:37 - INFO] "SCQVTHEGSTVEKTVAPTECS -- true" (org.bigbio.pgatk.pepgenome.PepGenomeToolTest:123)
[02-Oct-2018 15:13:37 - INFO] "TVAPTECS -- true" (org.bigbio.pgatk.pepgenome.PepGenomeToolTest:123)
[02-Oct-2018 15:13:37 - INFO] "SYSCQVTHEGSTVEKTVAPTECS -- true" (org.bigbio.pgatk.pepgenome.PepGenomeToolTest:123)
[02-Oct-2018 15:13:37 - INFO] "SCQVTHEGSTVEKTVAPTECS -- true" (org.bigbio.pgatk.pepgenome.PepGenomeToolTest:123)
[02-Oct-2018 15:13:37 - INFO] "TVAPTECS -- true" (org.bigbio.pgatk.pepgenome.PepGenomeToolTest:123)
[02-Oct-2018 15:13:37 - INFO] "SYSCQVTHEGSTVEKTVAPTECS -- false" (org.bigbio.pgatk.pepgenome.PepGenomeToolTest:123)
[02-Oct-2018 15:13:37 - INFO] "SYSCQVTHEGSTVEKTVAPTECS -- false" (org.bigbio.pgatk.pepgenome.PepGenomeToolTest:123)
[02-Oct-2018 15:13:37 - INFO] "SYSCQVTHEGSTVEKTVAPTECS -- true" (org.bigbio.pgatk.pepgenome.PepGenomeToolTest:123)
[02-Oct-2018 15:13:37 - INFO] "SCQVTHEGSTVEKTVAPTECS -- false" (org.bigbio.pgatk.pepgenome.PepGenomeToolTest:123)
[02-Oct-2018 15:13:37 - INFO] "SCQVTHEGSTVEKTVAPTECS -- false" (org.bigbio.pgatk.pepgenome.PepGenomeToolTest:123)
[02-Oct-2018 15:13:37 - INFO] "SCQVTHEGSTVEKTVAPTECS -- true" (org.bigbio.pgatk.pepgenome.PepGenomeToolTest:123)
[02-Oct-2018 15:13:37 - INFO] "TVAPTECS -- false" (org.bigbio.pgatk.pepgenome.PepGenomeToolTest:123)
[02-Oct-2018 15:13:37 - INFO] "TVAPTECS -- false" (org.bigbio.pgatk.pepgenome.PepGenomeToolTest:123)
[02-Oct-2018 15:13:37 - INFO] "TVAPTECS -- true" (org.bigbio.pgatk.pepgenome.PepGenomeToolTest:123)
[02-Oct-2018 15:13:37 - INFO] "SYSCQVTHEGSTVEKTVAPTECS -- false" (org.bigbio.pgatk.pepgenome.PepGenomeToolTest:123)
[02-Oct-2018 15:13:37 - INFO] "SYSCQVTHEGSTVEKTVAPTECS -- false" (org.bigbio.pgatk.pepgenome.PepGenomeToolTest:123)
[02-Oct-2018 15:13:37 - INFO] "SYSCQVTHEGSTVEKTVAPTECS -- false" (org.bigbio.pgatk.pepgenome.PepGenomeToolTest:123)
[02-Oct-2018 15:13:37 - INFO] "SYSCQVTHEGSTVEKTVAPTECS -- true" (org.bigbio.pgatk.pepgenome.PepGenomeToolTest:123)
[02-Oct-2018 15:13:37 - INFO] "SCQVTHEGSTVEKTVAPTECS -- false" (org.bigbio.pgatk.pepgenome.PepGenomeToolTest:123)
[02-Oct-2018 15:13:37 - INFO] "SCQVTHEGSTVEKTVAPTECS -- false" (org.bigbio.pgatk.pepgenome.PepGenomeToolTest:123)
[02-Oct-2018 15:13:37 - INFO] "SCQVTHEGSTVEKTVAPTECS -- false" (org.bigbio.pgatk.pepgenome.PepGenomeToolTest:123)
[02-Oct-2018 15:13:37 - INFO] "SCQVTHEGSTVEKTVAPTECS -- true" (org.bigbio.pgatk.pepgenome.PepGenomeToolTest:123)
[02-Oct-2018 15:13:37 - INFO] "TVAPTECS -- false" (org.bigbio.pgatk.pepgenome.PepGenomeToolTest:123)
[02-Oct-2018 15:13:37 - INFO] "TVAPTECS -- false" (org.bigbio.pgatk.pepgenome.PepGenomeToolTest:123)
[02-Oct-2018 15:13:37 - INFO] "TVAPTECS -- false" (org.bigbio.pgatk.pepgenome.PepGenomeToolTest:123)
[02-Oct-2018 15:13:37 - INFO] "TVAPTECS -- true" (org.bigbio.pgatk.pepgenome.PepGenomeToolTest:123)
[02-Oct-2018 15:13:37 - INFO] "EAQTJDSQJQETN -- true" (org.bigbio.pgatk.pepgenome.PepGenomeToolTest:123)
[02-Oct-2018 15:13:43 - INFO] "InMemoryTest" (org.bigbio.pgatk.pepgenome.PepGenomeToolTest:51)
[02-Oct-2018 15:13:44 - INFO] "DJQHRAQAGANTRPCPS -- true" (org.bigbio.pgatk.pepgenome.PepGenomeToolTest:80)
[02-Oct-2018 15:13:44 - INFO] "TSTASGJJJWQGVEVGEAGQGKDFJSJGJQDGHJVFR -- true" (org.bigbio.pgatk.pepgenome.PepGenomeToolTest:80)
[02-Oct-2018 15:13:44 - INFO] "YJCPHAPRJPVTJNMKMVMPSWFDJMGJSPDAPEDEAGJK -- true" (org.bigbio.pgatk.pepgenome.PepGenomeToolTest:80)
[02-Oct-2018 15:13:44 - INFO] "VPEPGCTKVPEPGCTK -- true" (org.bigbio.pgatk.pepgenome.PepGenomeToolTest:80)
[02-Oct-2018 15:13:44 - INFO] "VPEPGCTKVPEPGCTK -- false" (org.bigbio.pgatk.pepgenome.PepGenomeToolTest:80)
[02-Oct-2018 15:13:44 - INFO] "VPEPGCTKVPEPGCTK -- true" (org.bigbio.pgatk.pepgenome.PepGenomeToolTest:80)
[02-Oct-2018 15:13:44 - INFO] "VPEPGCTKVPEPGCTK -- false" (org.bigbio.pgatk.pepgenome.PepGenomeToolTest:80)
[02-Oct-2018 15:13:44 - INFO] "VPEPGCTKVPEPGCTK -- false" (org.bigbio.pgatk.pepgenome.PepGenomeToolTest:80)
[02-Oct-2018 15:13:44 - INFO] "VPEPGCTKVPEPGCTK -- true" (org.bigbio.pgatk.pepgenome.PepGenomeToolTest:80)
[02-Oct-2018 15:13:44 - INFO] "VPEPGCTKVPEPGCTK -- false" (org.bigbio.pgatk.pepgenome.PepGenomeToolTest:80)
[02-Oct-2018 15:13:44 - INFO] "VPEPGCTKVPEPGCTK -- false" (org.bigbio.pgatk.pepgenome.PepGenomeToolTest:80)
[02-Oct-2018 15:13:44 - INFO] "VPEPGCTKVPEPGCTK -- false" (org.bigbio.pgatk.pepgenome.PepGenomeToolTest:80)
[02-Oct-2018 15:13:44 - INFO] "VPEPGCTKVPEPGCTK -- true" (org.bigbio.pgatk.pepgenome.PepGenomeToolTest:80)
[02-Oct-2018 15:13:44 - INFO] "GJPYJAAVVHAJJDRP -- true" (org.bigbio.pgatk.pepgenome.PepGenomeToolTest:80)
[02-Oct-2018 15:13:44 - INFO] "TPJQAGGYGEFAAFK -- true" (org.bigbio.pgatk.pepgenome.PepGenomeToolTest:80)
[02-Oct-2018 15:13:44 - INFO] "JJTJTGTQDQJQNAQYJJQNRSV -- true" (org.bigbio.pgatk.pepgenome.PepGenomeToolTest:80)
[02-Oct-2018 15:13:44 - INFO] "SATJGSSPVJYSQSAJATGHQAAGJGNQATGJGHQTJPVSJPAAGMGHQAR -- true" (org.bigbio.pgatk.pepgenome.PepGenomeToolTest:80)
[02-Oct-2018 15:13:44 - INFO] "QNGTGTPQVETNTSEDGESSGANDSJR -- true" (org.bigbio.pgatk.pepgenome.PepGenomeToolTest:80)
[02-Oct-2018 15:13:44 - INFO] "MAAPTRNTCTTGJTDPPPPDGSPNJTSVSHNSVK -- true" (org.bigbio.pgatk.pepgenome.PepGenomeToolTest:80)
[02-Oct-2018 15:13:44 - INFO] "RHDVCPAPSSSASHGPF -- true" (org.bigbio.pgatk.pepgenome.PepGenomeToolTest:80)
[02-Oct-2018 15:13:44 - INFO] "JJYDSWSSAAPJSJNJK -- true" (org.bigbio.pgatk.pepgenome.PepGenomeToolTest:80)
[02-Oct-2018 15:13:44 - INFO] "SSHSJPSEASSQPQEQPSG -- true" (org.bigbio.pgatk.pepgenome.PepGenomeToolTest:80)
[02-Oct-2018 15:13:44 - INFO] "SYSCQVTHEGSTVEKTVAPTECS -- true" (org.bigbio.pgatk.pepgenome.PepGenomeToolTest:80)
[02-Oct-2018 15:13:44 - INFO] "SCQVTHEGSTVEKTVAPTECS -- true" (org.bigbio.pgatk.pepgenome.PepGenomeToolTest:80)
[02-Oct-2018 15:13:44 - INFO] "TVAPTECS -- true" (org.bigbio.pgatk.pepgenome.PepGenomeToolTest:80)
[02-Oct-2018 15:13:44 - INFO] "SYSCQVTHEGSTVEKTVAPTECS -- true" (org.bigbio.pgatk.pepgenome.PepGenomeToolTest:80)
[02-Oct-2018 15:13:44 - INFO] "SCQVTHEGSTVEKTVAPTECS -- true" (org.bigbio.pgatk.pepgenome.PepGenomeToolTest:80)
[02-Oct-2018 15:13:44 - INFO] "TVAPTECS -- true" (org.bigbio.pgatk.pepgenome.PepGenomeToolTest:80)
[02-Oct-2018 15:13:44 - INFO] "SYSCQVTHEGSTVEKTVAPTECS -- false" (org.bigbio.pgatk.pepgenome.PepGenomeToolTest:80)
[02-Oct-2018 15:13:44 - INFO] "SYSCQVTHEGSTVEKTVAPTECS -- false" (org.bigbio.pgatk.pepgenome.PepGenomeToolTest:80)
[02-Oct-2018 15:13:44 - INFO] "SYSCQVTHEGSTVEKTVAPTECS -- true" (org.bigbio.pgatk.pepgenome.PepGenomeToolTest:80)
[02-Oct-2018 15:13:44 - INFO] "SCQVTHEGSTVEKTVAPTECS -- false" (org.bigbio.pgatk.pepgenome.PepGenomeToolTest:80)
[02-Oct-2018 15:13:44 - INFO] "SCQVTHEGSTVEKTVAPTECS -- false" (org.bigbio.pgatk.pepgenome.PepGenomeToolTest:80)
[02-Oct-2018 15:13:44 - INFO] "SCQVTHEGSTVEKTVAPTECS -- true" (org.bigbio.pgatk.pepgenome.PepGenomeToolTest:80)
[02-Oct-2018 15:13:44 - INFO] "TVAPTECS -- false" (org.bigbio.pgatk.pepgenome.PepGenomeToolTest:80)
[02-Oct-2018 15:13:44 - INFO] "TVAPTECS -- false" (org.bigbio.pgatk.pepgenome.PepGenomeToolTest:80)
[02-Oct-2018 15:13:44 - INFO] "TVAPTECS -- true" (org.bigbio.pgatk.pepgenome.PepGenomeToolTest:80)
[02-Oct-2018 15:13:44 - INFO] "SYSCQVTHEGSTVEKTVAPTECS -- false" (org.bigbio.pgatk.pepgenome.PepGenomeToolTest:80)
[02-Oct-2018 15:13:44 - INFO] "SYSCQVTHEGSTVEKTVAPTECS -- false" (org.bigbio.pgatk.pepgenome.PepGenomeToolTest:80)
[02-Oct-2018 15:13:44 - INFO] "SYSCQVTHEGSTVEKTVAPTECS -- false" (org.bigbio.pgatk.pepgenome.PepGenomeToolTest:80)
[02-Oct-2018 15:13:44 - INFO] "SYSCQVTHEGSTVEKTVAPTECS -- true" (org.bigbio.pgatk.pepgenome.PepGenomeToolTest:80)
[02-Oct-2018 15:13:44 - INFO] "SCQVTHEGSTVEKTVAPTECS -- false" (org.bigbio.pgatk.pepgenome.PepGenomeToolTest:80)
[02-Oct-2018 15:13:44 - INFO] "SCQVTHEGSTVEKTVAPTECS -- false" (org.bigbio.pgatk.pepgenome.PepGenomeToolTest:80)
[02-Oct-2018 15:13:44 - INFO] "SCQVTHEGSTVEKTVAPTECS -- false" (org.bigbio.pgatk.pepgenome.PepGenomeToolTest:80)
[02-Oct-2018 15:13:44 - INFO] "SCQVTHEGSTVEKTVAPTECS -- true" (org.bigbio.pgatk.pepgenome.PepGenomeToolTest:80)
[02-Oct-2018 15:13:44 - INFO] "TVAPTECS -- false" (org.bigbio.pgatk.pepgenome.PepGenomeToolTest:80)
[02-Oct-2018 15:13:44 - INFO] "TVAPTECS -- false" (org.bigbio.pgatk.pepgenome.PepGenomeToolTest:80)
[02-Oct-2018 15:13:44 - INFO] "TVAPTECS -- false" (org.bigbio.pgatk.pepgenome.PepGenomeToolTest:80)
[02-Oct-2018 15:13:44 - INFO] "TVAPTECS -- true" (org.bigbio.pgatk.pepgenome.PepGenomeToolTest:80)
[02-Oct-2018 15:13:44 - INFO] "EAQTJDSQJQETN -- true" (org.bigbio.pgatk.pepgenome.PepGenomeToolTest:80)
[02-Oct-2018 15:20:16 - INFO] "InDBTest" (org.bigbio.pgatk.pepgenome.PepGenomeToolTest:92)
[02-Oct-2018 15:20:31 - INFO] "DJQHRAQAGANTRPCPS -- true" (org.bigbio.pgatk.pepgenome.PepGenomeToolTest:123)
[02-Oct-2018 15:20:31 - INFO] "TSTASGJJJWQGVEVGEAGQGKDFJSJGJQDGHJVFR -- true" (org.bigbio.pgatk.pepgenome.PepGenomeToolTest:123)
[02-Oct-2018 15:20:31 - INFO] "YJCPHAPRJPVTJNMKMVMPSWFDJMGJSPDAPEDEAGJK -- true" (org.bigbio.pgatk.pepgenome.PepGenomeToolTest:123)
[02-Oct-2018 15:20:31 - INFO] "VPEPGCTKVPEPGCTK -- true" (org.bigbio.pgatk.pepgenome.PepGenomeToolTest:123)
[02-Oct-2018 15:20:31 - INFO] "VPEPGCTKVPEPGCTK -- false" (org.bigbio.pgatk.pepgenome.PepGenomeToolTest:123)
[02-Oct-2018 15:20:31 - INFO] "VPEPGCTKVPEPGCTK -- true" (org.bigbio.pgatk.pepgenome.PepGenomeToolTest:123)
[02-Oct-2018 15:20:31 - INFO] "VPEPGCTKVPEPGCTK -- false" (org.bigbio.pgatk.pepgenome.PepGenomeToolTest:123)
[02-Oct-2018 15:20:31 - INFO] "VPEPGCTKVPEPGCTK -- false" (org.bigbio.pgatk.pepgenome.PepGenomeToolTest:123)
[02-Oct-2018 15:20:31 - INFO] "VPEPGCTKVPEPGCTK -- true" (org.bigbio.pgatk.pepgenome.PepGenomeToolTest:123)
[02-Oct-2018 15:20:31 - INFO] "VPEPGCTKVPEPGCTK -- false" (org.bigbio.pgatk.pepgenome.PepGenomeToolTest:123)
[02-Oct-2018 15:20:31 - INFO] "VPEPGCTKVPEPGCTK -- false" (org.bigbio.pgatk.pepgenome.PepGenomeToolTest:123)
[02-Oct-2018 15:20:31 - INFO] "VPEPGCTKVPEPGCTK -- false" (org.bigbio.pgatk.pepgenome.PepGenomeToolTest:123)
[02-Oct-2018 15:20:31 - INFO] "VPEPGCTKVPEPGCTK -- true" (org.bigbio.pgatk.pepgenome.PepGenomeToolTest:123)
[02-Oct-2018 15:20:31 - INFO] "GJPYJAAVVHAJJDRP -- true" (org.bigbio.pgatk.pepgenome.PepGenomeToolTest:123)
[02-Oct-2018 15:20:31 - INFO] "TPJQAGGYGEFAAFK -- true" (org.bigbio.pgatk.pepgenome.PepGenomeToolTest:123)
[02-Oct-2018 15:20:31 - INFO] "JJTJTGTQDQJQNAQYJJQNRSV -- true" (org.bigbio.pgatk.pepgenome.PepGenomeToolTest:123)
[02-Oct-2018 15:20:31 - INFO] "SATJGSSPVJYSQSAJATGHQAAGJGNQATGJGHQTJPVSJPAAGMGHQAR -- true" (org.bigbio.pgatk.pepgenome.PepGenomeToolTest:123)
[02-Oct-2018 15:20:31 - INFO] "QNGTGTPQVETNTSEDGESSGANDSJR -- true" (org.bigbio.pgatk.pepgenome.PepGenomeToolTest:123)
[02-Oct-2018 15:20:31 - INFO] "MAAPTRNTCTTGJTDPPPPDGSPNJTSVSHNSVK -- true" (org.bigbio.pgatk.pepgenome.PepGenomeToolTest:123)
[02-Oct-2018 15:20:31 - INFO] "RHDVCPAPSSSASHGPF -- true" (org.bigbio.pgatk.pepgenome.PepGenomeToolTest:123)
[02-Oct-2018 15:20:31 - INFO] "JJYDSWSSAAPJSJNJK -- true" (org.bigbio.pgatk.pepgenome.PepGenomeToolTest:123)
[02-Oct-2018 15:20:31 - INFO] "SSHSJPSEASSQPQEQPSG -- true" (org.bigbio.pgatk.pepgenome.PepGenomeToolTest:123)
[02-Oct-2018 15:20:31 - INFO] "SYSCQVTHEGSTVEKTVAPTECS -- true" (org.bigbio.pgatk.pepgenome.PepGenomeToolTest:123)
[02-Oct-2018 15:20:31 - INFO] "SCQVTHEGSTVEKTVAPTECS -- true" (org.bigbio.pgatk.pepgenome.PepGenomeToolTest:123)
[02-Oct-2018 15:20:31 - INFO] "TVAPTECS -- true" (org.bigbio.pgatk.pepgenome.PepGenomeToolTest:123)
[02-Oct-2018 15:20:31 - INFO] "SYSCQVTHEGSTVEKTVAPTECS -- true" (org.bigbio.pgatk.pepgenome.PepGenomeToolTest:123)
[02-Oct-2018 15:20:31 - INFO] "SCQVTHEGSTVEKTVAPTECS -- true" (org.bigbio.pgatk.pepgenome.PepGenomeToolTest:123)
[02-Oct-2018 15:20:31 - INFO] "TVAPTECS -- true" (org.bigbio.pgatk.pepgenome.PepGenomeToolTest:123)
[02-Oct-2018 15:20:31 - INFO] "SYSCQVTHEGSTVEKTVAPTECS -- false" (org.bigbio.pgatk.pepgenome.PepGenomeToolTest:123)
[02-Oct-2018 15:20:31 - INFO] "SYSCQVTHEGSTVEKTVAPTECS -- false" (org.bigbio.pgatk.pepgenome.PepGenomeToolTest:123)
[02-Oct-2018 15:20:31 - INFO] "SYSCQVTHEGSTVEKTVAPTECS -- true" (org.bigbio.pgatk.pepgenome.PepGenomeToolTest:123)
[02-Oct-2018 15:20:31 - INFO] "SCQVTHEGSTVEKTVAPTECS -- false" (org.bigbio.pgatk.pepgenome.PepGenomeToolTest:123)
[02-Oct-2018 15:20:31 - INFO] "SCQVTHEGSTVEKTVAPTECS -- false" (org.bigbio.pgatk.pepgenome.PepGenomeToolTest:123)
[02-Oct-2018 15:20:31 - INFO] "SCQVTHEGSTVEKTVAPTECS -- true" (org.bigbio.pgatk.pepgenome.PepGenomeToolTest:123)
[02-Oct-2018 15:20:31 - INFO] "TVAPTECS -- false" (org.bigbio.pgatk.pepgenome.PepGenomeToolTest:123)
[02-Oct-2018 15:20:31 - INFO] "TVAPTECS -- false" (org.bigbio.pgatk.pepgenome.PepGenomeToolTest:123)
[02-Oct-2018 15:20:31 - INFO] "TVAPTECS -- true" (org.bigbio.pgatk.pepgenome.PepGenomeToolTest:123)
[02-Oct-2018 15:20:31 - INFO] "SYSCQVTHEGSTVEKTVAPTECS -- false" (org.bigbio.pgatk.pepgenome.PepGenomeToolTest:123)
[02-Oct-2018 15:20:31 - INFO] "SYSCQVTHEGSTVEKTVAPTECS -- false" (org.bigbio.pgatk.pepgenome.PepGenomeToolTest:123)
[02-Oct-2018 15:20:31 - INFO] "SYSCQVTHEGSTVEKTVAPTECS -- false" (org.bigbio.pgatk.pepgenome.PepGenomeToolTest:123)
[02-Oct-2018 15:20:31 - INFO] "SYSCQVTHEGSTVEKTVAPTECS -- true" (org.bigbio.pgatk.pepgenome.PepGenomeToolTest:123)
[02-Oct-2018 15:20:31 - INFO] "SCQVTHEGSTVEKTVAPTECS -- false" (org.bigbio.pgatk.pepgenome.PepGenomeToolTest:123)
[02-Oct-2018 15:20:31 - INFO] "SCQVTHEGSTVEKTVAPTECS -- false" (org.bigbio.pgatk.pepgenome.PepGenomeToolTest:123)
[02-Oct-2018 15:20:31 - INFO] "SCQVTHEGSTVEKTVAPTECS -- false" (org.bigbio.pgatk.pepgenome.PepGenomeToolTest:123)
[02-Oct-2018 15:20:31 - INFO] "SCQVTHEGSTVEKTVAPTECS -- true" (org.bigbio.pgatk.pepgenome.PepGenomeToolTest:123)
[02-Oct-2018 15:20:31 - INFO] "TVAPTECS -- false" (org.bigbio.pgatk.pepgenome.PepGenomeToolTest:123)
[02-Oct-2018 15:20:31 - INFO] "TVAPTECS -- false" (org.bigbio.pgatk.pepgenome.PepGenomeToolTest:123)
[02-Oct-2018 15:20:31 - INFO] "TVAPTECS -- false" (org.bigbio.pgatk.pepgenome.PepGenomeToolTest:123)
[02-Oct-2018 15:20:31 - INFO] "TVAPTECS -- true" (org.bigbio.pgatk.pepgenome.PepGenomeToolTest:123)
[02-Oct-2018 15:20:31 - INFO] "EAQTJDSQJQETN -- true" (org.bigbio.pgatk.pepgenome.PepGenomeToolTest:123)
[02-Oct-2018 15:20:37 - INFO] "InMemoryTest" (org.bigbio.pgatk.pepgenome.PepGenomeToolTest:51)
[02-Oct-2018 15:20:37 - INFO] "DJQHRAQAGANTRPCPS -- true" (org.bigbio.pgatk.pepgenome.PepGenomeToolTest:80)
[02-Oct-2018 15:20:37 - INFO] "TSTASGJJJWQGVEVGEAGQGKDFJSJGJQDGHJVFR -- true" (org.bigbio.pgatk.pepgenome.PepGenomeToolTest:80)
[02-Oct-2018 15:20:37 - INFO] "YJCPHAPRJPVTJNMKMVMPSWFDJMGJSPDAPEDEAGJK -- true" (org.bigbio.pgatk.pepgenome.PepGenomeToolTest:80)
[02-Oct-2018 15:20:37 - INFO] "VPEPGCTKVPEPGCTK -- true" (org.bigbio.pgatk.pepgenome.PepGenomeToolTest:80)
[02-Oct-2018 15:20:37 - INFO] "VPEPGCTKVPEPGCTK -- false" (org.bigbio.pgatk.pepgenome.PepGenomeToolTest:80)
[02-Oct-2018 15:20:37 - INFO] "VPEPGCTKVPEPGCTK -- true" (org.bigbio.pgatk.pepgenome.PepGenomeToolTest:80)
[02-Oct-2018 15:20:37 - INFO] "VPEPGCTKVPEPGCTK -- false" (org.bigbio.pgatk.pepgenome.PepGenomeToolTest:80)
[02-Oct-2018 15:20:37 - INFO] "VPEPGCTKVPEPGCTK -- false" (org.bigbio.pgatk.pepgenome.PepGenomeToolTest:80)
[02-Oct-2018 15:20:37 - INFO] "VPEPGCTKVPEPGCTK -- true" (org.bigbio.pgatk.pepgenome.PepGenomeToolTest:80)
[02-Oct-2018 15:20:37 - INFO] "VPEPGCTKVPEPGCTK -- false" (org.bigbio.pgatk.pepgenome.PepGenomeToolTest:80)
[02-Oct-2018 15:20:37 - INFO] "VPEPGCTKVPEPGCTK -- false" (org.bigbio.pgatk.pepgenome.PepGenomeToolTest:80)
[02-Oct-2018 15:20:37 - INFO] "VPEPGCTKVPEPGCTK -- false" (org.bigbio.pgatk.pepgenome.PepGenomeToolTest:80)
[02-Oct-2018 15:20:37 - INFO] "VPEPGCTKVPEPGCTK -- true" (org.bigbio.pgatk.pepgenome.PepGenomeToolTest:80)
[02-Oct-2018 15:20:37 - INFO] "GJPYJAAVVHAJJDRP -- true" (org.bigbio.pgatk.pepgenome.PepGenomeToolTest:80)
[02-Oct-2018 15:20:37 - INFO] "TPJQAGGYGEFAAFK -- true" (org.bigbio.pgatk.pepgenome.PepGenomeToolTest:80)
[02-Oct-2018 15:20:37 - INFO] "JJTJTGTQDQJQNAQYJJQNRSV -- true" (org.bigbio.pgatk.pepgenome.PepGenomeToolTest:80)
[02-Oct-2018 15:20:37 - INFO] "SATJGSSPVJYSQSAJATGHQAAGJGNQATGJGHQTJPVSJPAAGMGHQAR -- true" (org.bigbio.pgatk.pepgenome.PepGenomeToolTest:80)
[02-Oct-2018 15:20:37 - INFO] "QNGTGTPQVETNTSEDGESSGANDSJR -- true" (org.bigbio.pgatk.pepgenome.PepGenomeToolTest:80)
[02-Oct-2018 15:20:37 - INFO] "MAAPTRNTCTTGJTDPPPPDGSPNJTSVSHNSVK -- true" (org.bigbio.pgatk.pepgenome.PepGenomeToolTest:80)
[02-Oct-2018 15:20:37 - INFO] "RHDVCPAPSSSASHGPF -- true" (org.bigbio.pgatk.pepgenome.PepGenomeToolTest:80)
[02-Oct-2018 15:20:37 - INFO] "JJYDSWSSAAPJSJNJK -- true" (org.bigbio.pgatk.pepgenome.PepGenomeToolTest:80)
[02-Oct-2018 15:20:37 - INFO] "SSHSJPSEASSQPQEQPSG -- true" (org.bigbio.pgatk.pepgenome.PepGenomeToolTest:80)
[02-Oct-2018 15:20:37 - INFO] "SYSCQVTHEGSTVEKTVAPTECS -- true" (org.bigbio.pgatk.pepgenome.PepGenomeToolTest:80)
[02-Oct-2018 15:20:37 - INFO] "SCQVTHEGSTVEKTVAPTECS -- true" (org.bigbio.pgatk.pepgenome.PepGenomeToolTest:80)
[02-Oct-2018 15:20:37 - INFO] "TVAPTECS -- true" (org.bigbio.pgatk.pepgenome.PepGenomeToolTest:80)
[02-Oct-2018 15:20:37 - INFO] "SYSCQVTHEGSTVEKTVAPTECS -- true" (org.bigbio.pgatk.pepgenome.PepGenomeToolTest:80)
[02-Oct-2018 15:20:37 - INFO] "SCQVTHEGSTVEKTVAPTECS -- true" (org.bigbio.pgatk.pepgenome.PepGenomeToolTest:80)
[02-Oct-2018 15:20:37 - INFO] "TVAPTECS -- true" (org.bigbio.pgatk.pepgenome.PepGenomeToolTest:80)
[02-Oct-2018 15:20:37 - INFO] "SYSCQVTHEGSTVEKTVAPTECS -- false" (org.bigbio.pgatk.pepgenome.PepGenomeToolTest:80)
[02-Oct-2018 15:20:37 - INFO] "SYSCQVTHEGSTVEKTVAPTECS -- false" (org.bigbio.pgatk.pepgenome.PepGenomeToolTest:80)
[02-Oct-2018 15:20:37 - INFO] "SYSCQVTHEGSTVEKTVAPTECS -- true" (org.bigbio.pgatk.pepgenome.PepGenomeToolTest:80)
[02-Oct-2018 15:20:37 - INFO] "SCQVTHEGSTVEKTVAPTECS -- false" (org.bigbio.pgatk.pepgenome.PepGenomeToolTest:80)
[02-Oct-2018 15:20:37 - INFO] "SCQVTHEGSTVEKTVAPTECS -- false" (org.bigbio.pgatk.pepgenome.PepGenomeToolTest:80)
[02-Oct-2018 15:20:37 - INFO] "SCQVTHEGSTVEKTVAPTECS -- true" (org.bigbio.pgatk.pepgenome.PepGenomeToolTest:80)
[02-Oct-2018 15:20:37 - INFO] "TVAPTECS -- false" (org.bigbio.pgatk.pepgenome.PepGenomeToolTest:80)
[02-Oct-2018 15:20:37 - INFO] "TVAPTECS -- false" (org.bigbio.pgatk.pepgenome.PepGenomeToolTest:80)
[02-Oct-2018 15:20:37 - INFO] "TVAPTECS -- true" (org.bigbio.pgatk.pepgenome.PepGenomeToolTest:80)
[02-Oct-2018 15:20:37 - INFO] "SYSCQVTHEGSTVEKTVAPTECS -- false" (org.bigbio.pgatk.pepgenome.PepGenomeToolTest:80)
[02-Oct-2018 15:20:37 - INFO] "SYSCQVTHEGSTVEKTVAPTECS -- false" (org.bigbio.pgatk.pepgenome.PepGenomeToolTest:80)
[02-Oct-2018 15:20:37 - INFO] "SYSCQVTHEGSTVEKTVAPTECS -- false" (org.bigbio.pgatk.pepgenome.PepGenomeToolTest:80)
[02-Oct-2018 15:20:37 - INFO] "SYSCQVTHEGSTVEKTVAPTECS -- true" (org.bigbio.pgatk.pepgenome.PepGenomeToolTest:80)
[02-Oct-2018 15:20:37 - INFO] "SCQVTHEGSTVEKTVAPTECS -- false" (org.bigbio.pgatk.pepgenome.PepGenomeToolTest:80)
[02-Oct-2018 15:20:37 - INFO] "SCQVTHEGSTVEKTVAPTECS -- false" (org.bigbio.pgatk.pepgenome.PepGenomeToolTest:80)
[02-Oct-2018 15:20:37 - INFO] "SCQVTHEGSTVEKTVAPTECS -- false" (org.bigbio.pgatk.pepgenome.PepGenomeToolTest:80)
[02-Oct-2018 15:20:37 - INFO] "SCQVTHEGSTVEKTVAPTECS -- true" (org.bigbio.pgatk.pepgenome.PepGenomeToolTest:80)
[02-Oct-2018 15:20:37 - INFO] "TVAPTECS -- false" (org.bigbio.pgatk.pepgenome.PepGenomeToolTest:80)
[02-Oct-2018 15:20:37 - INFO] "TVAPTECS -- false" (org.bigbio.pgatk.pepgenome.PepGenomeToolTest:80)
[02-Oct-2018 15:20:37 - INFO] "TVAPTECS -- false" (org.bigbio.pgatk.pepgenome.PepGenomeToolTest:80)
[02-Oct-2018 15:20:37 - INFO] "TVAPTECS -- true" (org.bigbio.pgatk.pepgenome.PepGenomeToolTest:80)
[02-Oct-2018 15:20:37 - INFO] "EAQTJDSQJQETN -- true" (org.bigbio.pgatk.pepgenome.PepGenomeToolTest:80)
[02-Oct-2018 15:29:58 - INFO] "InDBTest" (org.bigbio.pgatk.pepgenome.PepGenomeToolTest:100)
[02-Oct-2018 15:30:12 - INFO] "DJQHRAQAGANTRPCPS -- true" (org.bigbio.pgatk.pepgenome.PepGenomeToolTest:131)
[02-Oct-2018 15:30:12 - INFO] "TSTASGJJJWQGVEVGEAGQGKDFJSJGJQDGHJVFR -- true" (org.bigbio.pgatk.pepgenome.PepGenomeToolTest:131)
[02-Oct-2018 15:30:12 - INFO] "YJCPHAPRJPVTJNMKMVMPSWFDJMGJSPDAPEDEAGJK -- true" (org.bigbio.pgatk.pepgenome.PepGenomeToolTest:131)
[02-Oct-2018 15:30:12 - INFO] "VPEPGCTKVPEPGCTK -- true" (org.bigbio.pgatk.pepgenome.PepGenomeToolTest:131)
[02-Oct-2018 15:30:12 - INFO] "VPEPGCTKVPEPGCTK -- false" (org.bigbio.pgatk.pepgenome.PepGenomeToolTest:131)
[02-Oct-2018 15:30:12 - INFO] "VPEPGCTKVPEPGCTK -- true" (org.bigbio.pgatk.pepgenome.PepGenomeToolTest:131)
[02-Oct-2018 15:30:12 - INFO] "VPEPGCTKVPEPGCTK -- false" (org.bigbio.pgatk.pepgenome.PepGenomeToolTest:131)
[02-Oct-2018 15:30:12 - INFO] "VPEPGCTKVPEPGCTK -- false" (org.bigbio.pgatk.pepgenome.PepGenomeToolTest:131)
[02-Oct-2018 15:30:12 - INFO] "VPEPGCTKVPEPGCTK -- true" (org.bigbio.pgatk.pepgenome.PepGenomeToolTest:131)
[02-Oct-2018 15:30:12 - INFO] "VPEPGCTKVPEPGCTK -- false" (org.bigbio.pgatk.pepgenome.PepGenomeToolTest:131)
[02-Oct-2018 15:30:12 - INFO] "VPEPGCTKVPEPGCTK -- false" (org.bigbio.pgatk.pepgenome.PepGenomeToolTest:131)
[02-Oct-2018 15:30:12 - INFO] "VPEPGCTKVPEPGCTK -- false" (org.bigbio.pgatk.pepgenome.PepGenomeToolTest:131)
[02-Oct-2018 15:30:12 - INFO] "VPEPGCTKVPEPGCTK -- true" (org.bigbio.pgatk.pepgenome.PepGenomeToolTest:131)
[02-Oct-2018 15:30:12 - INFO] "GJPYJAAVVHAJJDRP -- true" (org.bigbio.pgatk.pepgenome.PepGenomeToolTest:131)
[02-Oct-2018 15:30:12 - INFO] "TPJQAGGYGEFAAFK -- true" (org.bigbio.pgatk.pepgenome.PepGenomeToolTest:131)
[02-Oct-2018 15:30:12 - INFO] "JJTJTGTQDQJQNAQYJJQNRSV -- true" (org.bigbio.pgatk.pepgenome.PepGenomeToolTest:131)
[02-Oct-2018 15:30:12 - INFO] "SATJGSSPVJYSQSAJATGHQAAGJGNQATGJGHQTJPVSJPAAGMGHQAR -- true" (org.bigbio.pgatk.pepgenome.PepGenomeToolTest:131)
[02-Oct-2018 15:30:12 - INFO] "QNGTGTPQVETNTSEDGESSGANDSJR -- true" (org.bigbio.pgatk.pepgenome.PepGenomeToolTest:131)
[02-Oct-2018 15:30:12 - INFO] "MAAPTRNTCTTGJTDPPPPDGSPNJTSVSHNSVK -- true" (org.bigbio.pgatk.pepgenome.PepGenomeToolTest:131)
[02-Oct-2018 15:30:12 - INFO] "RHDVCPAPSSSASHGPF -- true" (org.bigbio.pgatk.pepgenome.PepGenomeToolTest:131)
[02-Oct-2018 15:30:12 - INFO] "JJYDSWSSAAPJSJNJK -- true" (org.bigbio.pgatk.pepgenome.PepGenomeToolTest:131)
[02-Oct-2018 15:30:12 - INFO] "SSHSJPSEASSQPQEQPSG -- true" (org.bigbio.pgatk.pepgenome.PepGenomeToolTest:131)
[02-Oct-2018 15:30:12 - INFO] "SYSCQVTHEGSTVEKTVAPTECS -- true" (org.bigbio.pgatk.pepgenome.PepGenomeToolTest:131)
[02-Oct-2018 15:30:12 - INFO] "SCQVTHEGSTVEKTVAPTECS -- true" (org.bigbio.pgatk.pepgenome.PepGenomeToolTest:131)
[02-Oct-2018 15:30:12 - INFO] "TVAPTECS -- true" (org.bigbio.pgatk.pepgenome.PepGenomeToolTest:131)
[02-Oct-2018 15:30:12 - INFO] "SYSCQVTHEGSTVEKTVAPTECS -- true" (org.bigbio.pgatk.pepgenome.PepGenomeToolTest:131)
[02-Oct-2018 15:30:12 - INFO] "SCQVTHEGSTVEKTVAPTECS -- true" (org.bigbio.pgatk.pepgenome.PepGenomeToolTest:131)
[02-Oct-2018 15:30:12 - INFO] "TVAPTECS -- true" (org.bigbio.pgatk.pepgenome.PepGenomeToolTest:131)
[02-Oct-2018 15:30:12 - INFO] "SYSCQVTHEGSTVEKTVAPTECS -- false" (org.bigbio.pgatk.pepgenome.PepGenomeToolTest:131)
[02-Oct-2018 15:30:12 - INFO] "SYSCQVTHEGSTVEKTVAPTECS -- false" (org.bigbio.pgatk.pepgenome.PepGenomeToolTest:131)
[02-Oct-2018 15:30:12 - INFO] "SYSCQVTHEGSTVEKTVAPTECS -- true" (org.bigbio.pgatk.pepgenome.PepGenomeToolTest:131)
[02-Oct-2018 15:30:12 - INFO] "SCQVTHEGSTVEKTVAPTECS -- false" (org.bigbio.pgatk.pepgenome.PepGenomeToolTest:131)
[02-Oct-2018 15:30:12 - INFO] "SCQVTHEGSTVEKTVAPTECS -- false" (org.bigbio.pgatk.pepgenome.PepGenomeToolTest:131)
[02-Oct-2018 15:30:12 - INFO] "SCQVTHEGSTVEKTVAPTECS -- true" (org.bigbio.pgatk.pepgenome.PepGenomeToolTest:131)
[02-Oct-2018 15:30:12 - INFO] "TVAPTECS -- false" (org.bigbio.pgatk.pepgenome.PepGenomeToolTest:131)
[02-Oct-2018 15:30:12 - INFO] "TVAPTECS -- false" (org.bigbio.pgatk.pepgenome.PepGenomeToolTest:131)
[02-Oct-2018 15:30:12 - INFO] "TVAPTECS -- true" (org.bigbio.pgatk.pepgenome.PepGenomeToolTest:131)
[02-Oct-2018 15:30:12 - INFO] "SYSCQVTHEGSTVEKTVAPTECS -- false" (org.bigbio.pgatk.pepgenome.PepGenomeToolTest:131)
[02-Oct-2018 15:30:12 - INFO] "SYSCQVTHEGSTVEKTVAPTECS -- false" (org.bigbio.pgatk.pepgenome.PepGenomeToolTest:131)
[02-Oct-2018 15:30:12 - INFO] "SYSCQVTHEGSTVEKTVAPTECS -- false" (org.bigbio.pgatk.pepgenome.PepGenomeToolTest:131)
[02-Oct-2018 15:30:12 - INFO] "SYSCQVTHEGSTVEKTVAPTECS -- true" (org.bigbio.pgatk.pepgenome.PepGenomeToolTest:131)
[02-Oct-2018 15:30:12 - INFO] "SCQVTHEGSTVEKTVAPTECS -- false" (org.bigbio.pgatk.pepgenome.PepGenomeToolTest:131)
[02-Oct-2018 15:30:12 - INFO] "SCQVTHEGSTVEKTVAPTECS -- false" (org.bigbio.pgatk.pepgenome.PepGenomeToolTest:131)
[02-Oct-2018 15:30:12 - INFO] "SCQVTHEGSTVEKTVAPTECS -- false" (org.bigbio.pgatk.pepgenome.PepGenomeToolTest:131)
[02-Oct-2018 15:30:12 - INFO] "SCQVTHEGSTVEKTVAPTECS -- true" (org.bigbio.pgatk.pepgenome.PepGenomeToolTest:131)
[02-Oct-2018 15:30:12 - INFO] "TVAPTECS -- false" (org.bigbio.pgatk.pepgenome.PepGenomeToolTest:131)
[02-Oct-2018 15:30:12 - INFO] "TVAPTECS -- false" (org.bigbio.pgatk.pepgenome.PepGenomeToolTest:131)
[02-Oct-2018 15:30:12 - INFO] "TVAPTECS -- false" (org.bigbio.pgatk.pepgenome.PepGenomeToolTest:131)
[02-Oct-2018 15:30:12 - INFO] "TVAPTECS -- true" (org.bigbio.pgatk.pepgenome.PepGenomeToolTest:131)
[02-Oct-2018 15:30:12 - INFO] "EAQTJDSQJQETN -- true" (org.bigbio.pgatk.pepgenome.PepGenomeToolTest:131)
[02-Oct-2018 15:30:19 - INFO] "InMemoryTest" (org.bigbio.pgatk.pepgenome.PepGenomeToolTest:51)
[02-Oct-2018 15:30:19 - INFO] "DJQHRAQAGANTRPCPS -- true" (org.bigbio.pgatk.pepgenome.PepGenomeToolTest:80)
[02-Oct-2018 15:30:19 - INFO] "TSTASGJJJWQGVEVGEAGQGKDFJSJGJQDGHJVFR -- true" (org.bigbio.pgatk.pepgenome.PepGenomeToolTest:80)
[02-Oct-2018 15:30:19 - INFO] "YJCPHAPRJPVTJNMKMVMPSWFDJMGJSPDAPEDEAGJK -- true" (org.bigbio.pgatk.pepgenome.PepGenomeToolTest:80)
[02-Oct-2018 15:30:19 - INFO] "VPEPGCTKVPEPGCTK -- true" (org.bigbio.pgatk.pepgenome.PepGenomeToolTest:80)
[02-Oct-2018 15:30:19 - INFO] "VPEPGCTKVPEPGCTK -- false" (org.bigbio.pgatk.pepgenome.PepGenomeToolTest:80)
[02-Oct-2018 15:30:19 - INFO] "VPEPGCTKVPEPGCTK -- true" (org.bigbio.pgatk.pepgenome.PepGenomeToolTest:80)
[02-Oct-2018 15:30:19 - INFO] "VPEPGCTKVPEPGCTK -- false" (org.bigbio.pgatk.pepgenome.PepGenomeToolTest:80)
[02-Oct-2018 15:30:19 - INFO] "VPEPGCTKVPEPGCTK -- false" (org.bigbio.pgatk.pepgenome.PepGenomeToolTest:80)
[02-Oct-2018 15:30:19 - INFO] "VPEPGCTKVPEPGCTK -- true" (org.bigbio.pgatk.pepgenome.PepGenomeToolTest:80)
[02-Oct-2018 15:30:19 - INFO] "VPEPGCTKVPEPGCTK -- false" (org.bigbio.pgatk.pepgenome.PepGenomeToolTest:80)
[02-Oct-2018 15:30:19 - INFO] "VPEPGCTKVPEPGCTK -- false" (org.bigbio.pgatk.pepgenome.PepGenomeToolTest:80)
[02-Oct-2018 15:30:19 - INFO] "VPEPGCTKVPEPGCTK -- false" (org.bigbio.pgatk.pepgenome.PepGenomeToolTest:80)
[02-Oct-2018 15:30:19 - INFO] "VPEPGCTKVPEPGCTK -- true" (org.bigbio.pgatk.pepgenome.PepGenomeToolTest:80)
[02-Oct-2018 15:30:19 - INFO] "GJPYJAAVVHAJJDRP -- true" (org.bigbio.pgatk.pepgenome.PepGenomeToolTest:80)
[02-Oct-2018 15:30:19 - INFO] "TPJQAGGYGEFAAFK -- true" (org.bigbio.pgatk.pepgenome.PepGenomeToolTest:80)
[02-Oct-2018 15:30:20 - INFO] "JJTJTGTQDQJQNAQYJJQNRSV -- true" (org.bigbio.pgatk.pepgenome.PepGenomeToolTest:80)
[02-Oct-2018 15:30:20 - INFO] "SATJGSSPVJYSQSAJATGHQAAGJGNQATGJGHQTJPVSJPAAGMGHQAR -- true" (org.bigbio.pgatk.pepgenome.PepGenomeToolTest:80)
[02-Oct-2018 15:30:20 - INFO] "QNGTGTPQVETNTSEDGESSGANDSJR -- true" (org.bigbio.pgatk.pepgenome.PepGenomeToolTest:80)
[02-Oct-2018 15:30:20 - INFO] "MAAPTRNTCTTGJTDPPPPDGSPNJTSVSHNSVK -- true" (org.bigbio.pgatk.pepgenome.PepGenomeToolTest:80)
[02-Oct-2018 15:30:20 - INFO] "RHDVCPAPSSSASHGPF -- true" (org.bigbio.pgatk.pepgenome.PepGenomeToolTest:80)
[02-Oct-2018 15:30:20 - INFO] "JJYDSWSSAAPJSJNJK -- true" (org.bigbio.pgatk.pepgenome.PepGenomeToolTest:80)
[02-Oct-2018 15:30:20 - INFO] "SSHSJPSEASSQPQEQPSG -- true" (org.bigbio.pgatk.pepgenome.PepGenomeToolTest:80)
[02-Oct-2018 15:30:20 - INFO] "SYSCQVTHEGSTVEKTVAPTECS -- true" (org.bigbio.pgatk.pepgenome.PepGenomeToolTest:80)
[02-Oct-2018 15:30:20 - INFO] "SCQVTHEGSTVEKTVAPTECS -- true" (org.bigbio.pgatk.pepgenome.PepGenomeToolTest:80)
[02-Oct-2018 15:30:20 - INFO] "TVAPTECS -- true" (org.bigbio.pgatk.pepgenome.PepGenomeToolTest:80)
[02-Oct-2018 15:30:20 - INFO] "SYSCQVTHEGSTVEKTVAPTECS -- true" (org.bigbio.pgatk.pepgenome.PepGenomeToolTest:80)
[02-Oct-2018 15:30:20 - INFO] "SCQVTHEGSTVEKTVAPTECS -- true" (org.bigbio.pgatk.pepgenome.PepGenomeToolTest:80)
[02-Oct-2018 15:30:20 - INFO] "TVAPTECS -- true" (org.bigbio.pgatk.pepgenome.PepGenomeToolTest:80)
[02-Oct-2018 15:30:20 - INFO] "SYSCQVTHEGSTVEKTVAPTECS -- false" (org.bigbio.pgatk.pepgenome.PepGenomeToolTest:80)
[02-Oct-2018 15:30:20 - INFO] "SYSCQVTHEGSTVEKTVAPTECS -- false" (org.bigbio.pgatk.pepgenome.PepGenomeToolTest:80)
[02-Oct-2018 15:30:20 - INFO] "SYSCQVTHEGSTVEKTVAPTECS -- true" (org.bigbio.pgatk.pepgenome.PepGenomeToolTest:80)
[02-Oct-2018 15:30:20 - INFO] "SCQVTHEGSTVEKTVAPTECS -- false" (org.bigbio.pgatk.pepgenome.PepGenomeToolTest:80)
[02-Oct-2018 15:30:20 - INFO] "SCQVTHEGSTVEKTVAPTECS -- false" (org.bigbio.pgatk.pepgenome.PepGenomeToolTest:80)
[02-Oct-2018 15:30:20 - INFO] "SCQVTHEGSTVEKTVAPTECS -- true" (org.bigbio.pgatk.pepgenome.PepGenomeToolTest:80)
[02-Oct-2018 15:30:20 - INFO] "TVAPTECS -- false" (org.bigbio.pgatk.pepgenome.PepGenomeToolTest:80)
[02-Oct-2018 15:30:20 - INFO] "TVAPTECS -- false" (org.bigbio.pgatk.pepgenome.PepGenomeToolTest:80)
[02-Oct-2018 15:30:20 - INFO] "TVAPTECS -- true" (org.bigbio.pgatk.pepgenome.PepGenomeToolTest:80)
[02-Oct-2018 15:30:20 - INFO] "SYSCQVTHEGSTVEKTVAPTECS -- false" (org.bigbio.pgatk.pepgenome.PepGenomeToolTest:80)
[02-Oct-2018 15:30:20 - INFO] "SYSCQVTHEGSTVEKTVAPTECS -- false" (org.bigbio.pgatk.pepgenome.PepGenomeToolTest:80)
[02-Oct-2018 15:30:20 - INFO] "SYSCQVTHEGSTVEKTVAPTECS -- false" (org.bigbio.pgatk.pepgenome.PepGenomeToolTest:80)
[02-Oct-2018 15:30:20 - INFO] "SYSCQVTHEGSTVEKTVAPTECS -- true" (org.bigbio.pgatk.pepgenome.PepGenomeToolTest:80)
[02-Oct-2018 15:30:20 - INFO] "SCQVTHEGSTVEKTVAPTECS -- false" (org.bigbio.pgatk.pepgenome.PepGenomeToolTest:80)
[02-Oct-2018 15:30:20 - INFO] "SCQVTHEGSTVEKTVAPTECS -- false" (org.bigbio.pgatk.pepgenome.PepGenomeToolTest:80)
[02-Oct-2018 15:30:20 - INFO] "SCQVTHEGSTVEKTVAPTECS -- false" (org.bigbio.pgatk.pepgenome.PepGenomeToolTest:80)
[02-Oct-2018 15:30:20 - INFO] "SCQVTHEGSTVEKTVAPTECS -- true" (org.bigbio.pgatk.pepgenome.PepGenomeToolTest:80)
[02-Oct-2018 15:30:20 - INFO] "TVAPTECS -- false" (org.bigbio.pgatk.pepgenome.PepGenomeToolTest:80)
[02-Oct-2018 15:30:20 - INFO] "TVAPTECS -- false" (org.bigbio.pgatk.pepgenome.PepGenomeToolTest:80)
[02-Oct-2018 15:30:20 - INFO] "TVAPTECS -- false" (org.bigbio.pgatk.pepgenome.PepGenomeToolTest:80)
[02-Oct-2018 15:30:20 - INFO] "TVAPTECS -- true" (org.bigbio.pgatk.pepgenome.PepGenomeToolTest:80)
[02-Oct-2018 15:30:20 - INFO] "EAQTJDSQJQETN -- true" (org.bigbio.pgatk.pepgenome.PepGenomeToolTest:80)
[02-Oct-2018 15:34:34 - INFO] "InDBTest" (org.bigbio.pgatk.pepgenome.PepGenomeToolTest:100)
[02-Oct-2018 15:35:01 - INFO] "DJQHRAQAGANTRPCPS -- true" (org.bigbio.pgatk.pepgenome.PepGenomeToolTest:131)
[02-Oct-2018 15:35:01 - INFO] "TSTASGJJJWQGVEVGEAGQGKDFJSJGJQDGHJVFR -- true" (org.bigbio.pgatk.pepgenome.PepGenomeToolTest:131)
[02-Oct-2018 15:35:01 - INFO] "YJCPHAPRJPVTJNMKMVMPSWFDJMGJSPDAPEDEAGJK -- true" (org.bigbio.pgatk.pepgenome.PepGenomeToolTest:131)
[02-Oct-2018 15:35:01 - INFO] "VPEPGCTKVPEPGCTK -- true" (org.bigbio.pgatk.pepgenome.PepGenomeToolTest:131)
[02-Oct-2018 15:35:01 - INFO] "VPEPGCTKVPEPGCTK -- false" (org.bigbio.pgatk.pepgenome.PepGenomeToolTest:131)
[02-Oct-2018 15:35:01 - INFO] "VPEPGCTKVPEPGCTK -- true" (org.bigbio.pgatk.pepgenome.PepGenomeToolTest:131)
[02-Oct-2018 15:35:01 - INFO] "VPEPGCTKVPEPGCTK -- false" (org.bigbio.pgatk.pepgenome.PepGenomeToolTest:131)
[02-Oct-2018 15:35:01 - INFO] "VPEPGCTKVPEPGCTK -- false" (org.bigbio.pgatk.pepgenome.PepGenomeToolTest:131)
[02-Oct-2018 15:35:01 - INFO] "VPEPGCTKVPEPGCTK -- true" (org.bigbio.pgatk.pepgenome.PepGenomeToolTest:131)
[02-Oct-2018 15:35:01 - INFO] "VPEPGCTKVPEPGCTK -- false" (org.bigbio.pgatk.pepgenome.PepGenomeToolTest:131)
[02-Oct-2018 15:35:01 - INFO] "VPEPGCTKVPEPGCTK -- false" (org.bigbio.pgatk.pepgenome.PepGenomeToolTest:131)
[02-Oct-2018 15:35:01 - INFO] "VPEPGCTKVPEPGCTK -- false" (org.bigbio.pgatk.pepgenome.PepGenomeToolTest:131)
[02-Oct-2018 15:35:01 - INFO] "VPEPGCTKVPEPGCTK -- true" (org.bigbio.pgatk.pepgenome.PepGenomeToolTest:131)
[02-Oct-2018 15:35:01 - INFO] "GJPYJAAVVHAJJDRP -- true" (org.bigbio.pgatk.pepgenome.PepGenomeToolTest:131)
[02-Oct-2018 15:35:01 - INFO] "TPJQAGGYGEFAAFK -- true" (org.bigbio.pgatk.pepgenome.PepGenomeToolTest:131)
[02-Oct-2018 15:35:01 - INFO] "JJTJTGTQDQJQNAQYJJQNRSV -- true" (org.bigbio.pgatk.pepgenome.PepGenomeToolTest:131)
[02-Oct-2018 15:35:01 - INFO] "SATJGSSPVJYSQSAJATGHQAAGJGNQATGJGHQTJPVSJPAAGMGHQAR -- true" (org.bigbio.pgatk.pepgenome.PepGenomeToolTest:131)
[02-Oct-2018 15:35:01 - INFO] "QNGTGTPQVETNTSEDGESSGANDSJR -- true" (org.bigbio.pgatk.pepgenome.PepGenomeToolTest:131)
[02-Oct-2018 15:35:01 - INFO] "MAAPTRNTCTTGJTDPPPPDGSPNJTSVSHNSVK -- true" (org.bigbio.pgatk.pepgenome.PepGenomeToolTest:131)
[02-Oct-2018 15:35:01 - INFO] "RHDVCPAPSSSASHGPF -- true" (org.bigbio.pgatk.pepgenome.PepGenomeToolTest:131)
[02-Oct-2018 15:35:01 - INFO] "JJYDSWSSAAPJSJNJK -- true" (org.bigbio.pgatk.pepgenome.PepGenomeToolTest:131)
[02-Oct-2018 15:35:01 - INFO] "SSHSJPSEASSQPQEQPSG -- true" (org.bigbio.pgatk.pepgenome.PepGenomeToolTest:131)
[02-Oct-2018 15:35:01 - INFO] "SYSCQVTHEGSTVEKTVAPTECS -- true" (org.bigbio.pgatk.pepgenome.PepGenomeToolTest:131)
[02-Oct-2018 15:35:01 - INFO] "SCQVTHEGSTVEKTVAPTECS -- true" (org.bigbio.pgatk.pepgenome.PepGenomeToolTest:131)
[02-Oct-2018 15:35:01 - INFO] "TVAPTECS -- true" (org.bigbio.pgatk.pepgenome.PepGenomeToolTest:131)
[02-Oct-2018 15:35:01 - INFO] "SYSCQVTHEGSTVEKTVAPTECS -- true" (org.bigbio.pgatk.pepgenome.PepGenomeToolTest:131)
[02-Oct-2018 15:35:01 - INFO] "SCQVTHEGSTVEKTVAPTECS -- true" (org.bigbio.pgatk.pepgenome.PepGenomeToolTest:131)
[02-Oct-2018 15:35:01 - INFO] "TVAPTECS -- true" (org.bigbio.pgatk.pepgenome.PepGenomeToolTest:131)
[02-Oct-2018 15:35:01 - INFO] "SYSCQVTHEGSTVEKTVAPTECS -- false" (org.bigbio.pgatk.pepgenome.PepGenomeToolTest:131)
[02-Oct-2018 15:35:01 - INFO] "SYSCQVTHEGSTVEKTVAPTECS -- false" (org.bigbio.pgatk.pepgenome.PepGenomeToolTest:131)
[02-Oct-2018 15:35:01 - INFO] "SYSCQVTHEGSTVEKTVAPTECS -- true" (org.bigbio.pgatk.pepgenome.PepGenomeToolTest:131)
[02-Oct-2018 15:35:01 - INFO] "SCQVTHEGSTVEKTVAPTECS -- false" (org.bigbio.pgatk.pepgenome.PepGenomeToolTest:131)
[02-Oct-2018 15:35:01 - INFO] "SCQVTHEGSTVEKTVAPTECS -- false" (org.bigbio.pgatk.pepgenome.PepGenomeToolTest:131)
[02-Oct-2018 15:35:01 - INFO] "SCQVTHEGSTVEKTVAPTECS -- true" (org.bigbio.pgatk.pepgenome.PepGenomeToolTest:131)
[02-Oct-2018 15:35:01 - INFO] "TVAPTECS -- false" (org.bigbio.pgatk.pepgenome.PepGenomeToolTest:131)
[02-Oct-2018 15:35:01 - INFO] "TVAPTECS -- false" (org.bigbio.pgatk.pepgenome.PepGenomeToolTest:131)
[02-Oct-2018 15:35:01 - INFO] "TVAPTECS -- true" (org.bigbio.pgatk.pepgenome.PepGenomeToolTest:131)
[02-Oct-2018 15:35:01 - INFO] "SYSCQVTHEGSTVEKTVAPTECS -- false" (org.bigbio.pgatk.pepgenome.PepGenomeToolTest:131)
[02-Oct-2018 15:35:01 - INFO] "SYSCQVTHEGSTVEKTVAPTECS -- false" (org.bigbio.pgatk.pepgenome.PepGenomeToolTest:131)
[02-Oct-2018 15:35:01 - INFO] "SYSCQVTHEGSTVEKTVAPTECS -- false" (org.bigbio.pgatk.pepgenome.PepGenomeToolTest:131)
[02-Oct-2018 15:35:01 - INFO] "SYSCQVTHEGSTVEKTVAPTECS -- true" (org.bigbio.pgatk.pepgenome.PepGenomeToolTest:131)
[02-Oct-2018 15:35:01 - INFO] "SCQVTHEGSTVEKTVAPTECS -- false" (org.bigbio.pgatk.pepgenome.PepGenomeToolTest:131)
[02-Oct-2018 15:35:01 - INFO] "SCQVTHEGSTVEKTVAPTECS -- false" (org.bigbio.pgatk.pepgenome.PepGenomeToolTest:131)
[02-Oct-2018 15:35:01 - INFO] "SCQVTHEGSTVEKTVAPTECS -- false" (org.bigbio.pgatk.pepgenome.PepGenomeToolTest:131)
[02-Oct-2018 15:35:01 - INFO] "SCQVTHEGSTVEKTVAPTECS -- true" (org.bigbio.pgatk.pepgenome.PepGenomeToolTest:131)
[02-Oct-2018 15:35:01 - INFO] "TVAPTECS -- false" (org.bigbio.pgatk.pepgenome.PepGenomeToolTest:131)
[02-Oct-2018 15:35:01 - INFO] "TVAPTECS -- false" (org.bigbio.pgatk.pepgenome.PepGenomeToolTest:131)
[02-Oct-2018 15:35:01 - INFO] "TVAPTECS -- false" (org.bigbio.pgatk.pepgenome.PepGenomeToolTest:131)
[02-Oct-2018 15:35:01 - INFO] "TVAPTECS -- true" (org.bigbio.pgatk.pepgenome.PepGenomeToolTest:131)
[02-Oct-2018 15:35:01 - INFO] "EAQTJDSQJQETN -- true" (org.bigbio.pgatk.pepgenome.PepGenomeToolTest:131)
[02-Oct-2018 15:35:07 - INFO] "InMemoryTest" (org.bigbio.pgatk.pepgenome.PepGenomeToolTest:51)
[02-Oct-2018 15:35:07 - INFO] "DJQHRAQAGANTRPCPS -- true" (org.bigbio.pgatk.pepgenome.PepGenomeToolTest:80)
[02-Oct-2018 15:35:07 - INFO] "TSTASGJJJWQGVEVGEAGQGKDFJSJGJQDGHJVFR -- true" (org.bigbio.pgatk.pepgenome.PepGenomeToolTest:80)
[02-Oct-2018 15:35:07 - INFO] "YJCPHAPRJPVTJNMKMVMPSWFDJMGJSPDAPEDEAGJK -- true" (org.bigbio.pgatk.pepgenome.PepGenomeToolTest:80)
[02-Oct-2018 15:35:07 - INFO] "VPEPGCTKVPEPGCTK -- true" (org.bigbio.pgatk.pepgenome.PepGenomeToolTest:80)
[02-Oct-2018 15:35:07 - INFO] "VPEPGCTKVPEPGCTK -- false" (org.bigbio.pgatk.pepgenome.PepGenomeToolTest:80)
[02-Oct-2018 15:35:07 - INFO] "VPEPGCTKVPEPGCTK -- true" (org.bigbio.pgatk.pepgenome.PepGenomeToolTest:80)
[02-Oct-2018 15:35:07 - INFO] "VPEPGCTKVPEPGCTK -- false" (org.bigbio.pgatk.pepgenome.PepGenomeToolTest:80)
[02-Oct-2018 15:35:07 - INFO] "VPEPGCTKVPEPGCTK -- false" (org.bigbio.pgatk.pepgenome.PepGenomeToolTest:80)
[02-Oct-2018 15:35:07 - INFO] "VPEPGCTKVPEPGCTK -- true" (org.bigbio.pgatk.pepgenome.PepGenomeToolTest:80)
[02-Oct-2018 15:35:07 - INFO] "VPEPGCTKVPEPGCTK -- false" (org.bigbio.pgatk.pepgenome.PepGenomeToolTest:80)
[02-Oct-2018 15:35:07 - INFO] "VPEPGCTKVPEPGCTK -- false" (org.bigbio.pgatk.pepgenome.PepGenomeToolTest:80)
[02-Oct-2018 15:35:07 - INFO] "VPEPGCTKVPEPGCTK -- false" (org.bigbio.pgatk.pepgenome.PepGenomeToolTest:80)
[02-Oct-2018 15:35:07 - INFO] "VPEPGCTKVPEPGCTK -- true" (org.bigbio.pgatk.pepgenome.PepGenomeToolTest:80)
[02-Oct-2018 15:35:07 - INFO] "GJPYJAAVVHAJJDRP -- true" (org.bigbio.pgatk.pepgenome.PepGenomeToolTest:80)
[02-Oct-2018 15:35:07 - INFO] "TPJQAGGYGEFAAFK -- true" (org.bigbio.pgatk.pepgenome.PepGenomeToolTest:80)
[02-Oct-2018 15:35:07 - INFO] "JJTJTGTQDQJQNAQYJJQNRSV -- true" (org.bigbio.pgatk.pepgenome.PepGenomeToolTest:80)
[02-Oct-2018 15:35:07 - INFO] "SATJGSSPVJYSQSAJATGHQAAGJGNQATGJGHQTJPVSJPAAGMGHQAR -- true" (org.bigbio.pgatk.pepgenome.PepGenomeToolTest:80)
[02-Oct-2018 15:35:07 - INFO] "QNGTGTPQVETNTSEDGESSGANDSJR -- true" (org.bigbio.pgatk.pepgenome.PepGenomeToolTest:80)
[02-Oct-2018 15:35:07 - INFO] "MAAPTRNTCTTGJTDPPPPDGSPNJTSVSHNSVK -- true" (org.bigbio.pgatk.pepgenome.PepGenomeToolTest:80)
[02-Oct-2018 15:35:07 - INFO] "RHDVCPAPSSSASHGPF -- true" (org.bigbio.pgatk.pepgenome.PepGenomeToolTest:80)
[02-Oct-2018 15:35:07 - INFO] "JJYDSWSSAAPJSJNJK -- true" (org.bigbio.pgatk.pepgenome.PepGenomeToolTest:80)
[02-Oct-2018 15:35:07 - INFO] "SSHSJPSEASSQPQEQPSG -- true" (org.bigbio.pgatk.pepgenome.PepGenomeToolTest:80)
[02-Oct-2018 15:35:07 - INFO] "SYSCQVTHEGSTVEKTVAPTECS -- true" (org.bigbio.pgatk.pepgenome.PepGenomeToolTest:80)
[02-Oct-2018 15:35:07 - INFO] "SCQVTHEGSTVEKTVAPTECS -- true" (org.bigbio.pgatk.pepgenome.PepGenomeToolTest:80)
[02-Oct-2018 15:35:07 - INFO] "TVAPTECS -- true" (org.bigbio.pgatk.pepgenome.PepGenomeToolTest:80)
[02-Oct-2018 15:35:07 - INFO] "SYSCQVTHEGSTVEKTVAPTECS -- true" (org.bigbio.pgatk.pepgenome.PepGenomeToolTest:80)
[02-Oct-2018 15:35:07 - INFO] "SCQVTHEGSTVEKTVAPTECS -- true" (org.bigbio.pgatk.pepgenome.PepGenomeToolTest:80)
[02-Oct-2018 15:35:07 - INFO] "TVAPTECS -- true" (org.bigbio.pgatk.pepgenome.PepGenomeToolTest:80)
[02-Oct-2018 15:35:07 - INFO] "SYSCQVTHEGSTVEKTVAPTECS -- false" (org.bigbio.pgatk.pepgenome.PepGenomeToolTest:80)
[02-Oct-2018 15:35:07 - INFO] "SYSCQVTHEGSTVEKTVAPTECS -- false" (org.bigbio.pgatk.pepgenome.PepGenomeToolTest:80)
[02-Oct-2018 15:35:07 - INFO] "SYSCQVTHEGSTVEKTVAPTECS -- true" (org.bigbio.pgatk.pepgenome.PepGenomeToolTest:80)
[02-Oct-2018 15:35:07 - INFO] "SCQVTHEGSTVEKTVAPTECS -- false" (org.bigbio.pgatk.pepgenome.PepGenomeToolTest:80)
[02-Oct-2018 15:35:07 - INFO] "SCQVTHEGSTVEKTVAPTECS -- false" (org.bigbio.pgatk.pepgenome.PepGenomeToolTest:80)
[02-Oct-2018 15:35:07 - INFO] "SCQVTHEGSTVEKTVAPTECS -- true" (org.bigbio.pgatk.pepgenome.PepGenomeToolTest:80)
[02-Oct-2018 15:35:07 - INFO] "TVAPTECS -- false" (org.bigbio.pgatk.pepgenome.PepGenomeToolTest:80)
[02-Oct-2018 15:35:07 - INFO] "TVAPTECS -- false" (org.bigbio.pgatk.pepgenome.PepGenomeToolTest:80)
[02-Oct-2018 15:35:07 - INFO] "TVAPTECS -- true" (org.bigbio.pgatk.pepgenome.PepGenomeToolTest:80)
[02-Oct-2018 15:35:07 - INFO] "SYSCQVTHEGSTVEKTVAPTECS -- false" (org.bigbio.pgatk.pepgenome.PepGenomeToolTest:80)
[02-Oct-2018 15:35:07 - INFO] "SYSCQVTHEGSTVEKTVAPTECS -- false" (org.bigbio.pgatk.pepgenome.PepGenomeToolTest:80)
[02-Oct-2018 15:35:07 - INFO] "SYSCQVTHEGSTVEKTVAPTECS -- false" (org.bigbio.pgatk.pepgenome.PepGenomeToolTest:80)
[02-Oct-2018 15:35:07 - INFO] "SYSCQVTHEGSTVEKTVAPTECS -- true" (org.bigbio.pgatk.pepgenome.PepGenomeToolTest:80)
[02-Oct-2018 15:35:07 - INFO] "SCQVTHEGSTVEKTVAPTECS -- false" (org.bigbio.pgatk.pepgenome.PepGenomeToolTest:80)
[02-Oct-2018 15:35:07 - INFO] "SCQVTHEGSTVEKTVAPTECS -- false" (org.bigbio.pgatk.pepgenome.PepGenomeToolTest:80)
[02-Oct-2018 15:35:07 - INFO] "SCQVTHEGSTVEKTVAPTECS -- false" (org.bigbio.pgatk.pepgenome.PepGenomeToolTest:80)
[02-Oct-2018 15:35:07 - INFO] "SCQVTHEGSTVEKTVAPTECS -- true" (org.bigbio.pgatk.pepgenome.PepGenomeToolTest:80)
[02-Oct-2018 15:35:07 - INFO] "TVAPTECS -- false" (org.bigbio.pgatk.pepgenome.PepGenomeToolTest:80)
[02-Oct-2018 15:35:07 - INFO] "TVAPTECS -- false" (org.bigbio.pgatk.pepgenome.PepGenomeToolTest:80)
[02-Oct-2018 15:35:07 - INFO] "TVAPTECS -- false" (org.bigbio.pgatk.pepgenome.PepGenomeToolTest:80)
[02-Oct-2018 15:35:07 - INFO] "TVAPTECS -- true" (org.bigbio.pgatk.pepgenome.PepGenomeToolTest:80)
[02-Oct-2018 15:35:07 - INFO] "EAQTJDSQJQETN -- true" (org.bigbio.pgatk.pepgenome.PepGenomeToolTest:80)
[02-Oct-2018 15:37:52 - INFO] "InDBTest" (org.bigbio.pgatk.pepgenome.PepGenomeToolTest:100)
[02-Oct-2018 15:38:07 - INFO] "DJQHRAQAGANTRPCPS -- true" (org.bigbio.pgatk.pepgenome.PepGenomeToolTest:131)
[02-Oct-2018 15:38:07 - INFO] "TSTASGJJJWQGVEVGEAGQGKDFJSJGJQDGHJVFR -- true" (org.bigbio.pgatk.pepgenome.PepGenomeToolTest:131)
[02-Oct-2018 15:38:07 - INFO] "YJCPHAPRJPVTJNMKMVMPSWFDJMGJSPDAPEDEAGJK -- true" (org.bigbio.pgatk.pepgenome.PepGenomeToolTest:131)
[02-Oct-2018 15:38:07 - INFO] "VPEPGCTKVPEPGCTK -- true" (org.bigbio.pgatk.pepgenome.PepGenomeToolTest:131)
[02-Oct-2018 15:38:07 - INFO] "VPEPGCTKVPEPGCTK -- false" (org.bigbio.pgatk.pepgenome.PepGenomeToolTest:131)
[02-Oct-2018 15:38:07 - INFO] "VPEPGCTKVPEPGCTK -- true" (org.bigbio.pgatk.pepgenome.PepGenomeToolTest:131)
[02-Oct-2018 15:38:07 - INFO] "VPEPGCTKVPEPGCTK -- false" (org.bigbio.pgatk.pepgenome.PepGenomeToolTest:131)
[02-Oct-2018 15:38:07 - INFO] "VPEPGCTKVPEPGCTK -- false" (org.bigbio.pgatk.pepgenome.PepGenomeToolTest:131)
[02-Oct-2018 15:38:07 - INFO] "VPEPGCTKVPEPGCTK -- true" (org.bigbio.pgatk.pepgenome.PepGenomeToolTest:131)
[02-Oct-2018 15:38:07 - INFO] "VPEPGCTKVPEPGCTK -- false" (org.bigbio.pgatk.pepgenome.PepGenomeToolTest:131)
[02-Oct-2018 15:38:07 - INFO] "VPEPGCTKVPEPGCTK -- false" (org.bigbio.pgatk.pepgenome.PepGenomeToolTest:131)
[02-Oct-2018 15:38:07 - INFO] "VPEPGCTKVPEPGCTK -- false" (org.bigbio.pgatk.pepgenome.PepGenomeToolTest:131)
[02-Oct-2018 15:38:07 - INFO] "VPEPGCTKVPEPGCTK -- true" (org.bigbio.pgatk.pepgenome.PepGenomeToolTest:131)
[02-Oct-2018 15:38:07 - INFO] "GJPYJAAVVHAJJDRP -- true" (org.bigbio.pgatk.pepgenome.PepGenomeToolTest:131)
[02-Oct-2018 15:38:07 - INFO] "TPJQAGGYGEFAAFK -- true" (org.bigbio.pgatk.pepgenome.PepGenomeToolTest:131)
[02-Oct-2018 15:38:07 - INFO] "JJTJTGTQDQJQNAQYJJQNRSV -- true" (org.bigbio.pgatk.pepgenome.PepGenomeToolTest:131)
[02-Oct-2018 15:38:07 - INFO] "SATJGSSPVJYSQSAJATGHQAAGJGNQATGJGHQTJPVSJPAAGMGHQAR -- true" (org.bigbio.pgatk.pepgenome.PepGenomeToolTest:131)
[02-Oct-2018 15:38:07 - INFO] "QNGTGTPQVETNTSEDGESSGANDSJR -- true" (org.bigbio.pgatk.pepgenome.PepGenomeToolTest:131)
[02-Oct-2018 15:38:07 - INFO] "MAAPTRNTCTTGJTDPPPPDGSPNJTSVSHNSVK -- true" (org.bigbio.pgatk.pepgenome.PepGenomeToolTest:131)
[02-Oct-2018 15:38:07 - INFO] "RHDVCPAPSSSASHGPF -- true" (org.bigbio.pgatk.pepgenome.PepGenomeToolTest:131)
[02-Oct-2018 15:38:07 - INFO] "JJYDSWSSAAPJSJNJK -- true" (org.bigbio.pgatk.pepgenome.PepGenomeToolTest:131)
[02-Oct-2018 15:38:07 - INFO] "SSHSJPSEASSQPQEQPSG -- true" (org.bigbio.pgatk.pepgenome.PepGenomeToolTest:131)
[02-Oct-2018 15:38:07 - INFO] "SYSCQVTHEGSTVEKTVAPTECS -- true" (org.bigbio.pgatk.pepgenome.PepGenomeToolTest:131)
[02-Oct-2018 15:38:07 - INFO] "SCQVTHEGSTVEKTVAPTECS -- true" (org.bigbio.pgatk.pepgenome.PepGenomeToolTest:131)
[02-Oct-2018 15:38:07 - INFO] "TVAPTECS -- true" (org.bigbio.pgatk.pepgenome.PepGenomeToolTest:131)
[02-Oct-2018 15:38:07 - INFO] "SYSCQVTHEGSTVEKTVAPTECS -- true" (org.bigbio.pgatk.pepgenome.PepGenomeToolTest:131)
[02-Oct-2018 15:38:07 - INFO] "SCQVTHEGSTVEKTVAPTECS -- true" (org.bigbio.pgatk.pepgenome.PepGenomeToolTest:131)
[02-Oct-2018 15:38:07 - INFO] "TVAPTECS -- true" (org.bigbio.pgatk.pepgenome.PepGenomeToolTest:131)
[02-Oct-2018 15:38:07 - INFO] "SYSCQVTHEGSTVEKTVAPTECS -- false" (org.bigbio.pgatk.pepgenome.PepGenomeToolTest:131)
[02-Oct-2018 15:38:07 - INFO] "SYSCQVTHEGSTVEKTVAPTECS -- false" (org.bigbio.pgatk.pepgenome.PepGenomeToolTest:131)
[02-Oct-2018 15:38:07 - INFO] "SYSCQVTHEGSTVEKTVAPTECS -- true" (org.bigbio.pgatk.pepgenome.PepGenomeToolTest:131)
[02-Oct-2018 15:38:07 - INFO] "SCQVTHEGSTVEKTVAPTECS -- false" (org.bigbio.pgatk.pepgenome.PepGenomeToolTest:131)
[02-Oct-2018 15:38:07 - INFO] "SCQVTHEGSTVEKTVAPTECS -- false" (org.bigbio.pgatk.pepgenome.PepGenomeToolTest:131)
[02-Oct-2018 15:38:07 - INFO] "SCQVTHEGSTVEKTVAPTECS -- true" (org.bigbio.pgatk.pepgenome.PepGenomeToolTest:131)
[02-Oct-2018 15:38:07 - INFO] "TVAPTECS -- false" (org.bigbio.pgatk.pepgenome.PepGenomeToolTest:131)
[02-Oct-2018 15:38:07 - INFO] "TVAPTECS -- false" (org.bigbio.pgatk.pepgenome.PepGenomeToolTest:131)
[02-Oct-2018 15:38:07 - INFO] "TVAPTECS -- true" (org.bigbio.pgatk.pepgenome.PepGenomeToolTest:131)
[02-Oct-2018 15:38:07 - INFO] "SYSCQVTHEGSTVEKTVAPTECS -- false" (org.bigbio.pgatk.pepgenome.PepGenomeToolTest:131)
[02-Oct-2018 15:38:07 - INFO] "SYSCQVTHEGSTVEKTVAPTECS -- false" (org.bigbio.pgatk.pepgenome.PepGenomeToolTest:131)
[02-Oct-2018 15:38:07 - INFO] "SYSCQVTHEGSTVEKTVAPTECS -- false" (org.bigbio.pgatk.pepgenome.PepGenomeToolTest:131)
[02-Oct-2018 15:38:07 - INFO] "SYSCQVTHEGSTVEKTVAPTECS -- true" (org.bigbio.pgatk.pepgenome.PepGenomeToolTest:131)
[02-Oct-2018 15:38:07 - INFO] "SCQVTHEGSTVEKTVAPTECS -- false" (org.bigbio.pgatk.pepgenome.PepGenomeToolTest:131)
[02-Oct-2018 15:38:07 - INFO] "SCQVTHEGSTVEKTVAPTECS -- false" (org.bigbio.pgatk.pepgenome.PepGenomeToolTest:131)
[02-Oct-2018 15:38:07 - INFO] "SCQVTHEGSTVEKTVAPTECS -- false" (org.bigbio.pgatk.pepgenome.PepGenomeToolTest:131)
[02-Oct-2018 15:38:07 - INFO] "SCQVTHEGSTVEKTVAPTECS -- true" (org.bigbio.pgatk.pepgenome.PepGenomeToolTest:131)
[02-Oct-2018 15:38:07 - INFO] "TVAPTECS -- false" (org.bigbio.pgatk.pepgenome.PepGenomeToolTest:131)
[02-Oct-2018 15:38:07 - INFO] "TVAPTECS -- false" (org.bigbio.pgatk.pepgenome.PepGenomeToolTest:131)
[02-Oct-2018 15:38:07 - INFO] "TVAPTECS -- false" (org.bigbio.pgatk.pepgenome.PepGenomeToolTest:131)
[02-Oct-2018 15:38:07 - INFO] "TVAPTECS -- true" (org.bigbio.pgatk.pepgenome.PepGenomeToolTest:131)
[02-Oct-2018 15:38:07 - INFO] "EAQTJDSQJQETN -- true" (org.bigbio.pgatk.pepgenome.PepGenomeToolTest:131)
[02-Oct-2018 15:38:13 - INFO] "InMemoryTest" (org.bigbio.pgatk.pepgenome.PepGenomeToolTest:51)
[02-Oct-2018 15:38:23 - INFO] "DJQHRAQAGANTRPCPS -- true" (org.bigbio.pgatk.pepgenome.PepGenomeToolTest:80)
[02-Oct-2018 15:38:23 - INFO] "TSTASGJJJWQGVEVGEAGQGKDFJSJGJQDGHJVFR -- true" (org.bigbio.pgatk.pepgenome.PepGenomeToolTest:80)
[02-Oct-2018 15:38:23 - INFO] "YJCPHAPRJPVTJNMKMVMPSWFDJMGJSPDAPEDEAGJK -- true" (org.bigbio.pgatk.pepgenome.PepGenomeToolTest:80)
[02-Oct-2018 15:38:23 - INFO] "VPEPGCTKVPEPGCTK -- true" (org.bigbio.pgatk.pepgenome.PepGenomeToolTest:80)
[02-Oct-2018 15:38:23 - INFO] "VPEPGCTKVPEPGCTK -- false" (org.bigbio.pgatk.pepgenome.PepGenomeToolTest:80)
[02-Oct-2018 15:38:23 - INFO] "VPEPGCTKVPEPGCTK -- true" (org.bigbio.pgatk.pepgenome.PepGenomeToolTest:80)
[02-Oct-2018 15:38:23 - INFO] "VPEPGCTKVPEPGCTK -- false" (org.bigbio.pgatk.pepgenome.PepGenomeToolTest:80)
[02-Oct-2018 15:38:23 - INFO] "VPEPGCTKVPEPGCTK -- false" (org.bigbio.pgatk.pepgenome.PepGenomeToolTest:80)
[02-Oct-2018 15:38:23 - INFO] "VPEPGCTKVPEPGCTK -- true" (org.bigbio.pgatk.pepgenome.PepGenomeToolTest:80)
[02-Oct-2018 15:38:23 - INFO] "VPEPGCTKVPEPGCTK -- false" (org.bigbio.pgatk.pepgenome.PepGenomeToolTest:80)
[02-Oct-2018 15:38:23 - INFO] "VPEPGCTKVPEPGCTK -- false" (org.bigbio.pgatk.pepgenome.PepGenomeToolTest:80)
[02-Oct-2018 15:38:23 - INFO] "VPEPGCTKVPEPGCTK -- false" (org.bigbio.pgatk.pepgenome.PepGenomeToolTest:80)
[02-Oct-2018 15:38:23 - INFO] "VPEPGCTKVPEPGCTK -- true" (org.bigbio.pgatk.pepgenome.PepGenomeToolTest:80)
[02-Oct-2018 15:38:23 - INFO] "GJPYJAAVVHAJJDRP -- true" (org.bigbio.pgatk.pepgenome.PepGenomeToolTest:80)
[02-Oct-2018 15:38:23 - INFO] "TPJQAGGYGEFAAFK -- true" (org.bigbio.pgatk.pepgenome.PepGenomeToolTest:80)
[02-Oct-2018 15:38:23 - INFO] "JJTJTGTQDQJQNAQYJJQNRSV -- true" (org.bigbio.pgatk.pepgenome.PepGenomeToolTest:80)
[02-Oct-2018 15:38:23 - INFO] "SATJGSSPVJYSQSAJATGHQAAGJGNQATGJGHQTJPVSJPAAGMGHQAR -- true" (org.bigbio.pgatk.pepgenome.PepGenomeToolTest:80)
[02-Oct-2018 15:38:23 - INFO] "QNGTGTPQVETNTSEDGESSGANDSJR -- true" (org.bigbio.pgatk.pepgenome.PepGenomeToolTest:80)
[02-Oct-2018 15:38:23 - INFO] "MAAPTRNTCTTGJTDPPPPDGSPNJTSVSHNSVK -- true" (org.bigbio.pgatk.pepgenome.PepGenomeToolTest:80)
[02-Oct-2018 15:38:23 - INFO] "RHDVCPAPSSSASHGPF -- true" (org.bigbio.pgatk.pepgenome.PepGenomeToolTest:80)
[02-Oct-2018 15:38:23 - INFO] "JJYDSWSSAAPJSJNJK -- true" (org.bigbio.pgatk.pepgenome.PepGenomeToolTest:80)
[02-Oct-2018 15:38:23 - INFO] "SSHSJPSEASSQPQEQPSG -- true" (org.bigbio.pgatk.pepgenome.PepGenomeToolTest:80)
[02-Oct-2018 15:38:23 - INFO] "SYSCQVTHEGSTVEKTVAPTECS -- true" (org.bigbio.pgatk.pepgenome.PepGenomeToolTest:80)
[02-Oct-2018 15:38:23 - INFO] "SCQVTHEGSTVEKTVAPTECS -- true" (org.bigbio.pgatk.pepgenome.PepGenomeToolTest:80)
[02-Oct-2018 15:38:23 - INFO] "TVAPTECS -- true" (org.bigbio.pgatk.pepgenome.PepGenomeToolTest:80)
[02-Oct-2018 15:38:23 - INFO] "SYSCQVTHEGSTVEKTVAPTECS -- true" (org.bigbio.pgatk.pepgenome.PepGenomeToolTest:80)
[02-Oct-2018 15:38:23 - INFO] "SCQVTHEGSTVEKTVAPTECS -- true" (org.bigbio.pgatk.pepgenome.PepGenomeToolTest:80)
[02-Oct-2018 15:38:23 - INFO] "TVAPTECS -- true" (org.bigbio.pgatk.pepgenome.PepGenomeToolTest:80)
[02-Oct-2018 15:38:23 - INFO] "SYSCQVTHEGSTVEKTVAPTECS -- false" (org.bigbio.pgatk.pepgenome.PepGenomeToolTest:80)
[02-Oct-2018 15:38:23 - INFO] "SYSCQVTHEGSTVEKTVAPTECS -- false" (org.bigbio.pgatk.pepgenome.PepGenomeToolTest:80)
[02-Oct-2018 15:38:23 - INFO] "SYSCQVTHEGSTVEKTVAPTECS -- true" (org.bigbio.pgatk.pepgenome.PepGenomeToolTest:80)
[02-Oct-2018 15:38:23 - INFO] "SCQVTHEGSTVEKTVAPTECS -- false" (org.bigbio.pgatk.pepgenome.PepGenomeToolTest:80)
[02-Oct-2018 15:38:23 - INFO] "SCQVTHEGSTVEKTVAPTECS -- false" (org.bigbio.pgatk.pepgenome.PepGenomeToolTest:80)
[02-Oct-2018 15:38:23 - INFO] "SCQVTHEGSTVEKTVAPTECS -- true" (org.bigbio.pgatk.pepgenome.PepGenomeToolTest:80)
[02-Oct-2018 15:38:23 - INFO] "TVAPTECS -- false" (org.bigbio.pgatk.pepgenome.PepGenomeToolTest:80)
[02-Oct-2018 15:38:23 - INFO] "TVAPTECS -- false" (org.bigbio.pgatk.pepgenome.PepGenomeToolTest:80)
[02-Oct-2018 15:38:23 - INFO] "TVAPTECS -- true" (org.bigbio.pgatk.pepgenome.PepGenomeToolTest:80)
[02-Oct-2018 15:38:23 - INFO] "SYSCQVTHEGSTVEKTVAPTECS -- false" (org.bigbio.pgatk.pepgenome.PepGenomeToolTest:80)
[02-Oct-2018 15:38:23 - INFO] "SYSCQVTHEGSTVEKTVAPTECS -- false" (org.bigbio.pgatk.pepgenome.PepGenomeToolTest:80)
[02-Oct-2018 15:38:23 - INFO] "SYSCQVTHEGSTVEKTVAPTECS -- false" (org.bigbio.pgatk.pepgenome.PepGenomeToolTest:80)
[02-Oct-2018 15:38:23 - INFO] "SYSCQVTHEGSTVEKTVAPTECS -- true" (org.bigbio.pgatk.pepgenome.PepGenomeToolTest:80)
[02-Oct-2018 15:38:23 - INFO] "SCQVTHEGSTVEKTVAPTECS -- false" (org.bigbio.pgatk.pepgenome.PepGenomeToolTest:80)
[02-Oct-2018 15:38:23 - INFO] "SCQVTHEGSTVEKTVAPTECS -- false" (org.bigbio.pgatk.pepgenome.PepGenomeToolTest:80)
[02-Oct-2018 15:38:23 - INFO] "SCQVTHEGSTVEKTVAPTECS -- false" (org.bigbio.pgatk.pepgenome.PepGenomeToolTest:80)
[02-Oct-2018 15:38:23 - INFO] "SCQVTHEGSTVEKTVAPTECS -- true" (org.bigbio.pgatk.pepgenome.PepGenomeToolTest:80)
[02-Oct-2018 15:38:23 - INFO] "TVAPTECS -- false" (org.bigbio.pgatk.pepgenome.PepGenomeToolTest:80)
[02-Oct-2018 15:38:23 - INFO] "TVAPTECS -- false" (org.bigbio.pgatk.pepgenome.PepGenomeToolTest:80)
[02-Oct-2018 15:38:23 - INFO] "TVAPTECS -- false" (org.bigbio.pgatk.pepgenome.PepGenomeToolTest:80)
[02-Oct-2018 15:38:23 - INFO] "TVAPTECS -- true" (org.bigbio.pgatk.pepgenome.PepGenomeToolTest:80)
[02-Oct-2018 15:38:23 - INFO] "EAQTJDSQJQETN -- true" (org.bigbio.pgatk.pepgenome.PepGenomeToolTest:80)
